Analysis & Synthesis report for Lab3
Wed Apr 05 22:19:18 2023
Quartus Prime Version 18.1.0 Build 625 09/12/2018 SJ Lite Edition


---------------------
; Table of Contents ;
---------------------
  1. Legal Notice
  2. Analysis & Synthesis Summary
  3. Analysis & Synthesis Settings
  4. Parallel Compilation
  5. Analysis & Synthesis Source Files Read
  6. Analysis & Synthesis Resource Usage Summary
  7. Analysis & Synthesis Resource Utilization by Entity
  8. User-Specified and Inferred Latches
  9. General Register Statistics
 10. Multiplexer Restructuring Statistics (Restructuring Performed)
 11. Port Connectivity Checks: "BCD:Minute1"
 12. Port Connectivity Checks: "BCD:Second2"
 13. Port Connectivity Checks: "BCD:Second1"
 14. Post-Synthesis Netlist Statistics for Top Partition
 15. Elapsed Time Per Partition
 16. Analysis & Synthesis Messages



----------------
; Legal Notice ;
----------------
Copyright (C) 2018  Intel Corporation. All rights reserved.
Your use of Intel Corporation's design tools, logic functions 
and other software and tools, and its AMPP partner logic 
functions, and any output files from any of the foregoing 
(including device programming or simulation files), and any 
associated documentation or information are expressly subject 
to the terms and conditions of the Intel Program License 
Subscription Agreement, the Intel Quartus Prime License Agreement,
the Intel FPGA IP License Agreement, or other applicable license
agreement, including, without limitation, that your use is for
the sole purpose of programming logic devices manufactured by
Intel and sold by Intel or its authorized distributors.  Please
refer to the applicable agreement for further details.



+-------------------------------------------------------------------------------+
; Analysis & Synthesis Summary                                                  ;
+---------------------------------+---------------------------------------------+
; Analysis & Synthesis Status     ; Successful - Wed Apr 05 22:19:18 2023       ;
; Quartus Prime Version           ; 18.1.0 Build 625 09/12/2018 SJ Lite Edition ;
; Revision Name                   ; Lab3                                        ;
; Top-level Entity Name           ; up_timer                                    ;
; Family                          ; Cyclone V                                   ;
; Logic utilization (in ALMs)     ; N/A                                         ;
; Total registers                 ; 12                                          ;
; Total pins                      ; 34                                          ;
; Total virtual pins              ; 0                                           ;
; Total block memory bits         ; 0                                           ;
; Total DSP Blocks                ; 0                                           ;
; Total HSSI RX PCSs              ; 0                                           ;
; Total HSSI PMA RX Deserializers ; 0                                           ;
; Total HSSI TX PCSs              ; 0                                           ;
; Total HSSI PMA TX Serializers   ; 0                                           ;
; Total PLLs                      ; 0                                           ;
; Total DLLs                      ; 0                                           ;
+---------------------------------+---------------------------------------------+


+---------------------------------------------------------------------------------------------------------------------------+
; Analysis & Synthesis Settings                                                                                             ;
+---------------------------------------------------------------------------------+--------------------+--------------------+
; Option                                                                          ; Setting            ; Default Value      ;
+---------------------------------------------------------------------------------+--------------------+--------------------+
; Device                                                                          ; 5CEBA4F23C7        ;                    ;
; Top-level entity name                                                           ; up_timer           ; Lab3               ;
; Family name                                                                     ; Cyclone V          ; Cyclone V          ;
; Use smart compilation                                                           ; Off                ; Off                ;
; Enable parallel Assembler and Timing Analyzer during compilation                ; On                 ; On                 ;
; Enable compact report table                                                     ; Off                ; Off                ;
; Restructure Multiplexers                                                        ; Auto               ; Auto               ;
; MLAB Add Timing Constraints For Mixed-Port Feed-Through Mode Setting Don't Care ; Off                ; Off                ;
; Create Debugging Nodes for IP Cores                                             ; Off                ; Off                ;
; Preserve fewer node names                                                       ; On                 ; On                 ;
; Intel FPGA IP Evaluation Mode                                                   ; Enable             ; Enable             ;
; Verilog Version                                                                 ; Verilog_2001       ; Verilog_2001       ;
; VHDL Version                                                                    ; VHDL_1993          ; VHDL_1993          ;
; State Machine Processing                                                        ; Auto               ; Auto               ;
; Safe State Machine                                                              ; Off                ; Off                ;
; Extract Verilog State Machines                                                  ; On                 ; On                 ;
; Extract VHDL State Machines                                                     ; On                 ; On                 ;
; Ignore Verilog initial constructs                                               ; Off                ; Off                ;
; Iteration limit for constant Verilog loops                                      ; 5000               ; 5000               ;
; Iteration limit for non-constant Verilog loops                                  ; 250                ; 250                ;
; Add Pass-Through Logic to Inferred RAMs                                         ; On                 ; On                 ;
; Infer RAMs from Raw Logic                                                       ; On                 ; On                 ;
; Parallel Synthesis                                                              ; On                 ; On                 ;
; DSP Block Balancing                                                             ; Auto               ; Auto               ;
; NOT Gate Push-Back                                                              ; On                 ; On                 ;
; Power-Up Don't Care                                                             ; On                 ; On                 ;
; Remove Redundant Logic Cells                                                    ; Off                ; Off                ;
; Remove Duplicate Registers                                                      ; On                 ; On                 ;
; Ignore CARRY Buffers                                                            ; Off                ; Off                ;
; Ignore CASCADE Buffers                                                          ; Off                ; Off                ;
; Ignore GLOBAL Buffers                                                           ; Off                ; Off                ;
; Ignore ROW GLOBAL Buffers                                                       ; Off                ; Off                ;
; Ignore LCELL Buffers                                                            ; Off                ; Off                ;
; Ignore SOFT Buffers                                                             ; On                 ; On                 ;
; Limit AHDL Integers to 32 Bits                                                  ; Off                ; Off                ;
; Optimization Technique                                                          ; Balanced           ; Balanced           ;
; Carry Chain Length                                                              ; 70                 ; 70                 ;
; Auto Carry Chains                                                               ; On                 ; On                 ;
; Auto Open-Drain Pins                                                            ; On                 ; On                 ;
; Perform WYSIWYG Primitive Resynthesis                                           ; Off                ; Off                ;
; Auto ROM Replacement                                                            ; On                 ; On                 ;
; Auto RAM Replacement                                                            ; On                 ; On                 ;
; Auto DSP Block Replacement                                                      ; On                 ; On                 ;
; Auto Shift Register Replacement                                                 ; Auto               ; Auto               ;
; Allow Shift Register Merging across Hierarchies                                 ; Auto               ; Auto               ;
; Auto Clock Enable Replacement                                                   ; On                 ; On                 ;
; Strict RAM Replacement                                                          ; Off                ; Off                ;
; Allow Synchronous Control Signals                                               ; On                 ; On                 ;
; Force Use of Synchronous Clear Signals                                          ; Off                ; Off                ;
; Auto Resource Sharing                                                           ; Off                ; Off                ;
; Allow Any RAM Size For Recognition                                              ; Off                ; Off                ;
; Allow Any ROM Size For Recognition                                              ; Off                ; Off                ;
; Allow Any Shift Register Size For Recognition                                   ; Off                ; Off                ;
; Use LogicLock Constraints during Resource Balancing                             ; On                 ; On                 ;
; Ignore translate_off and synthesis_off directives                               ; Off                ; Off                ;
; Timing-Driven Synthesis                                                         ; On                 ; On                 ;
; Report Parameter Settings                                                       ; On                 ; On                 ;
; Report Source Assignments                                                       ; On                 ; On                 ;
; Report Connectivity Checks                                                      ; On                 ; On                 ;
; Ignore Maximum Fan-Out Assignments                                              ; Off                ; Off                ;
; Synchronization Register Chain Length                                           ; 3                  ; 3                  ;
; Power Optimization During Synthesis                                             ; Normal compilation ; Normal compilation ;
; HDL message level                                                               ; Level2             ; Level2             ;
; Suppress Register Optimization Related Messages                                 ; Off                ; Off                ;
; Number of Removed Registers Reported in Synthesis Report                        ; 5000               ; 5000               ;
; Number of Swept Nodes Reported in Synthesis Report                              ; 5000               ; 5000               ;
; Number of Inverted Registers Reported in Synthesis Report                       ; 100                ; 100                ;
; Clock MUX Protection                                                            ; On                 ; On                 ;
; Auto Gated Clock Conversion                                                     ; Off                ; Off                ;
; Block Design Naming                                                             ; Auto               ; Auto               ;
; SDC constraint protection                                                       ; Off                ; Off                ;
; Synthesis Effort                                                                ; Auto               ; Auto               ;
; Shift Register Replacement - Allow Asynchronous Clear Signal                    ; On                 ; On                 ;
; Pre-Mapping Resynthesis Optimization                                            ; Off                ; Off                ;
; Analysis & Synthesis Message Level                                              ; Medium             ; Medium             ;
; Disable Register Merging Across Hierarchies                                     ; Auto               ; Auto               ;
; Resource Aware Inference For Block RAM                                          ; On                 ; On                 ;
; Automatic Parallel Synthesis                                                    ; On                 ; On                 ;
; Partial Reconfiguration Bitstream ID                                            ; Off                ; Off                ;
+---------------------------------------------------------------------------------+--------------------+--------------------+


+------------------------------------------+
; Parallel Compilation                     ;
+----------------------------+-------------+
; Processors                 ; Number      ;
+----------------------------+-------------+
; Number detected on machine ; 12          ;
; Maximum allowed            ; 6           ;
;                            ;             ;
; Average used               ; 1.00        ;
; Maximum used               ; 6           ;
;                            ;             ;
; Usage by Processor         ; % Time Used ;
;     Processor 1            ; 100.0%      ;
;     Processors 2-6         ;   0.0%      ;
+----------------------------+-------------+


+-----------------------------------------------------------------------------------------------------------------------------------+
; Analysis & Synthesis Source Files Read                                                                                            ;
+----------------------------------+-----------------+-----------------+--------------------------------------------------+---------+
; File Name with User-Entered Path ; Used in Netlist ; File Type       ; File Name with Absolute Path                     ; Library ;
+----------------------------------+-----------------+-----------------+--------------------------------------------------+---------+
; up_timer.vhd                     ; yes             ; User VHDL File  ; C:/altera/13.0/Compsys 305/Lab 3/up_timer.vhd    ;         ;
; BCD_to_7Seg.vhd                  ; yes             ; User VHDL File  ; C:/altera/13.0/Compsys 305/Lab 3/BCD_to_7Seg.vhd ;         ;
; BCD.vhd                          ; yes             ; User VHDL File  ; C:/altera/13.0/Compsys 305/Lab 3/BCD.vhd         ;         ;
+----------------------------------+-----------------+-----------------+--------------------------------------------------+---------+


+----------------------------------------------------------------------+
; Analysis & Synthesis Resource Usage Summary                          ;
+---------------------------------------------+------------------------+
; Resource                                    ; Usage                  ;
+---------------------------------------------+------------------------+
; Estimate of Logic utilization (ALMs needed) ; 31                     ;
;                                             ;                        ;
; Combinational ALUT usage for logic          ; 55                     ;
;     -- 7 input functions                    ; 0                      ;
;     -- 6 input functions                    ; 6                      ;
;     -- 5 input functions                    ; 8                      ;
;     -- 4 input functions                    ; 28                     ;
;     -- <=3 input functions                  ; 13                     ;
;                                             ;                        ;
; Dedicated logic registers                   ; 12                     ;
;                                             ;                        ;
; I/O pins                                    ; 34                     ;
;                                             ;                        ;
; Total DSP Blocks                            ; 0                      ;
;                                             ;                        ;
; Maximum fan-out node                        ; BCD:Minute1|counter[0] ;
; Maximum fan-out                             ; 13                     ;
; Total fan-out                               ; 312                    ;
; Average fan-out                             ; 2.31                   ;
+---------------------------------------------+------------------------+


+----------------------------------------------------------------------------------------------------------------------------------------------------------------------------------------------------------+
; Analysis & Synthesis Resource Utilization by Entity                                                                                                                                                      ;
+-------------------------------+---------------------+---------------------------+-------------------+------------+------+--------------+------------------------------------+-------------+--------------+
; Compilation Hierarchy Node    ; Combinational ALUTs ; Dedicated Logic Registers ; Block Memory Bits ; DSP Blocks ; Pins ; Virtual Pins ; Full Hierarchy Name                ; Entity Name ; Library Name ;
+-------------------------------+---------------------+---------------------------+-------------------+------------+------+--------------+------------------------------------+-------------+--------------+
; |up_timer                     ; 55 (17)             ; 12 (0)                    ; 0                 ; 0          ; 34   ; 0            ; |up_timer                          ; up_timer    ; work         ;
;    |BCD:Minute1|              ; 5 (5)               ; 4 (4)                     ; 0                 ; 0          ; 0    ; 0            ; |up_timer|BCD:Minute1              ; BCD         ; work         ;
;    |BCD:Second1|              ; 5 (5)               ; 4 (4)                     ; 0                 ; 0          ; 0    ; 0            ; |up_timer|BCD:Second1              ; BCD         ; work         ;
;    |BCD:Second2|              ; 5 (5)               ; 4 (4)                     ; 0                 ; 0          ; 0    ; 0            ; |up_timer|BCD:Second2              ; BCD         ; work         ;
;    |BCD_to_7Seg:min_segment|  ; 7 (7)               ; 0 (0)                     ; 0                 ; 0          ; 0    ; 0            ; |up_timer|BCD_to_7Seg:min_segment  ; BCD_to_7Seg ; work         ;
;    |BCD_to_7Seg:sec1_segment| ; 8 (8)               ; 0 (0)                     ; 0                 ; 0          ; 0    ; 0            ; |up_timer|BCD_to_7Seg:sec1_segment ; BCD_to_7Seg ; work         ;
;    |BCD_to_7Seg:sec2_segment| ; 8 (8)               ; 0 (0)                     ; 0                 ; 0          ; 0    ; 0            ; |up_timer|BCD_to_7Seg:sec2_segment ; BCD_to_7Seg ; work         ;
+-------------------------------+---------------------+---------------------------+-------------------+------------+------+--------------+------------------------------------+-------------+--------------+
Note: For table entries with two numbers listed, the numbers in parentheses indicate the number of resources of the given type used by the specific entity alone. The numbers listed outside of parentheses indicate the total resources of the given type used by the specific entity and all of its sub-entities in the hierarchy.


+---------------------------------------------------------------------------------------------------+
; User-Specified and Inferred Latches                                                               ;
+----------------------------------------------------+---------------------+------------------------+
; Latch Name                                         ; Latch Enable Signal ; Free of Timing Hazards ;
+----------------------------------------------------+---------------------+------------------------+
; timeout                                            ; timeout             ; yes                    ;
; min_reset                                          ; min_reset           ; yes                    ;
; enable2                                            ; enable2             ; yes                    ;
; secOne_reset                                       ; secOne_reset        ; yes                    ;
; u_Enable                                           ; timeout             ; yes                    ;
; secTen_reset                                       ; secTen_reset        ; yes                    ;
; enable1                                            ; Start               ; yes                    ;
; Number of user-specified and inferred latches = 7  ;                     ;                        ;
+----------------------------------------------------+---------------------+------------------------+
Note: All latches listed above may not be present at the end of synthesis due to various synthesis optimizations.


+------------------------------------------------------+
; General Register Statistics                          ;
+----------------------------------------------+-------+
; Statistic                                    ; Value ;
+----------------------------------------------+-------+
; Total registers                              ; 12    ;
; Number of registers using Synchronous Clear  ; 0     ;
; Number of registers using Synchronous Load   ; 0     ;
; Number of registers using Asynchronous Clear ; 0     ;
; Number of registers using Asynchronous Load  ; 0     ;
; Number of registers using Clock Enable       ; 12    ;
; Number of registers using Preset             ; 0     ;
+----------------------------------------------+-------+


+------------------------------------------------------------------------------------------------------------------------------------------------------------------+
; Multiplexer Restructuring Statistics (Restructuring Performed)                                                                                                   ;
+--------------------+-----------+---------------+----------------------+------------------------+------------+----------------------------------------------------+
; Multiplexer Inputs ; Bus Width ; Baseline Area ; Area if Restructured ; Saving if Restructured ; Registered ; Example Multiplexer Output                         ;
+--------------------+-----------+---------------+----------------------+------------------------+------------+----------------------------------------------------+
; 4:1                ; 4 bits    ; 8 LEs         ; 8 LEs                ; 0 LEs                  ; Yes        ; |up_timer|BCD:Minute1|counter[1]                   ;
; 4:1                ; 4 bits    ; 8 LEs         ; 8 LEs                ; 0 LEs                  ; Yes        ; |up_timer|BCD:Second1|counter[3]                   ;
; 4:1                ; 4 bits    ; 8 LEs         ; 8 LEs                ; 0 LEs                  ; Yes        ; |up_timer|BCD:Second2|counter[3]                   ;
; 5:1                ; 4 bits    ; 12 LEs        ; 12 LEs               ; 0 LEs                  ; No         ; |up_timer|BCD_to_7Seg:min_segment|SevenSeg_out[0]  ;
; 5:1                ; 4 bits    ; 12 LEs        ; 12 LEs               ; 0 LEs                  ; No         ; |up_timer|BCD_to_7Seg:sec1_segment|SevenSeg_out[5] ;
; 5:1                ; 4 bits    ; 12 LEs        ; 12 LEs               ; 0 LEs                  ; No         ; |up_timer|BCD_to_7Seg:sec2_segment|SevenSeg_out[5] ;
+--------------------+-----------+---------------+----------------------+------------------------+------------+----------------------------------------------------+


+---------------------------------------------+
; Port Connectivity Checks: "BCD:Minute1"     ;
+-----------+-------+----------+--------------+
; Port      ; Type  ; Severity ; Details      ;
+-----------+-------+----------+--------------+
; direction ; Input ; Info     ; Stuck at VCC ;
+-----------+-------+----------+--------------+


+---------------------------------------------+
; Port Connectivity Checks: "BCD:Second2"     ;
+-----------+-------+----------+--------------+
; Port      ; Type  ; Severity ; Details      ;
+-----------+-------+----------+--------------+
; direction ; Input ; Info     ; Stuck at VCC ;
+-----------+-------+----------+--------------+


+---------------------------------------------+
; Port Connectivity Checks: "BCD:Second1"     ;
+-----------+-------+----------+--------------+
; Port      ; Type  ; Severity ; Details      ;
+-----------+-------+----------+--------------+
; direction ; Input ; Info     ; Stuck at VCC ;
+-----------+-------+----------+--------------+


+-----------------------------------------------------+
; Post-Synthesis Netlist Statistics for Top Partition ;
+-----------------------+-----------------------------+
; Type                  ; Count                       ;
+-----------------------+-----------------------------+
; arriav_ff             ; 12                          ;
;     ENA               ; 12                          ;
; arriav_lcell_comb     ; 61                          ;
;     normal            ; 61                          ;
;         1 data inputs ; 6                           ;
;         2 data inputs ; 7                           ;
;         3 data inputs ; 6                           ;
;         4 data inputs ; 28                          ;
;         5 data inputs ; 8                           ;
;         6 data inputs ; 6                           ;
; boundary_port         ; 34                          ;
;                       ;                             ;
; Max LUT depth         ; 4.00                        ;
; Average LUT depth     ; 2.15                        ;
+-----------------------+-----------------------------+


+-------------------------------+
; Elapsed Time Per Partition    ;
+----------------+--------------+
; Partition Name ; Elapsed Time ;
+----------------+--------------+
; Top            ; 00:00:00     ;
+----------------+--------------+


+-------------------------------+
; Analysis & Synthesis Messages ;
+-------------------------------+
Info: *******************************************************************
Info: Running Quartus Prime Analysis & Synthesis
    Info: Version 18.1.0 Build 625 09/12/2018 SJ Lite Edition
    Info: Processing started: Wed Apr 05 22:19:07 2023
Info: Command: quartus_map --read_settings_files=on --write_settings_files=off Lab3 -c Lab3
Warning (18236): Number of processors has not been specified which may cause overloading on shared machines.  Set the global assignment NUM_PARALLEL_PROCESSORS in your QSF to an appropriate value for best performance.
Info (20030): Parallel compilation is enabled and will use 6 of the 6 processors detected
Info (12021): Found 2 design units, including 1 entities, in source file up_timer.vhd
    Info (12022): Found design unit 1: up_timer-behaviour File: C:/altera/13.0/Compsys 305/Lab 3/up_timer.vhd Line: 13
    Info (12023): Found entity 1: up_timer File: C:/altera/13.0/Compsys 305/Lab 3/up_timer.vhd Line: 4
Info (12021): Found 2 design units, including 1 entities, in source file timer_test.vhd
    Info (12022): Found design unit 1: timer_test-test File: C:/altera/13.0/Compsys 305/Lab 3/timer_test.vhd Line: 7
    Info (12023): Found entity 1: timer_test File: C:/altera/13.0/Compsys 305/Lab 3/timer_test.vhd Line: 4
Info (12021): Found 2 design units, including 1 entities, in source file timer_convert.vhd
    Info (12022): Found design unit 1: timer_convert-behaviour File: C:/altera/13.0/Compsys 305/Lab 3/timer_convert.vhd Line: 9
    Info (12023): Found entity 1: timer_convert File: C:/altera/13.0/Compsys 305/Lab 3/timer_convert.vhd Line: 4
Warning (12019): Can't analyze file -- file timer.vhd is missing
Info (12021): Found 2 design units, including 1 entities, in source file testing_time_conv.vhd
    Info (12022): Found design unit 1: testing_time_conv-test File: C:/altera/13.0/Compsys 305/Lab 3/testing_time_conv.vhd Line: 7
    Info (12023): Found entity 1: testing_time_conv File: C:/altera/13.0/Compsys 305/Lab 3/testing_time_conv.vhd Line: 4
Info (12021): Found 2 design units, including 1 entities, in source file bcd_to_7seg.vhd
    Info (12022): Found design unit 1: BCD_to_7Seg-arc1 File: C:/altera/13.0/Compsys 305/Lab 3/BCD_to_7Seg.vhd Line: 12
    Info (12023): Found entity 1: BCD_to_7Seg File: C:/altera/13.0/Compsys 305/Lab 3/BCD_to_7Seg.vhd Line: 7
Info (12021): Found 2 design units, including 1 entities, in source file test_bcd_counter.vhd
    Info (12022): Found design unit 1: test_BCD_counter-test File: C:/altera/13.0/Compsys 305/Lab 3/test_BCD_counter.vhd Line: 8
    Info (12023): Found entity 1: test_BCD_counter File: C:/altera/13.0/Compsys 305/Lab 3/test_BCD_counter.vhd Line: 5
Info (12021): Found 2 design units, including 1 entities, in source file bcd.vhd
    Info (12022): Found design unit 1: BCD-behaviour File: C:/altera/13.0/Compsys 305/Lab 3/BCD.vhd Line: 10
    Info (12023): Found entity 1: BCD File: C:/altera/13.0/Compsys 305/Lab 3/BCD.vhd Line: 5
Info (12127): Elaborating entity "up_timer" for the top level hierarchy
Warning (10492): VHDL Process Statement warning at up_timer.vhd(48): signal "Start" is read inside the Process Statement but isn't in the Process Statement's sensitivity list File: C:/altera/13.0/Compsys 305/Lab 3/up_timer.vhd Line: 48
Warning (10492): VHDL Process Statement warning at up_timer.vhd(56): signal "secOne" is read inside the Process Statement but isn't in the Process Statement's sensitivity list File: C:/altera/13.0/Compsys 305/Lab 3/up_timer.vhd Line: 56
Warning (10492): VHDL Process Statement warning at up_timer.vhd(58): signal "secTen" is read inside the Process Statement but isn't in the Process Statement's sensitivity list File: C:/altera/13.0/Compsys 305/Lab 3/up_timer.vhd Line: 58
Warning (10492): VHDL Process Statement warning at up_timer.vhd(61): signal "min" is read inside the Process Statement but isn't in the Process Statement's sensitivity list File: C:/altera/13.0/Compsys 305/Lab 3/up_timer.vhd Line: 61
Warning (10492): VHDL Process Statement warning at up_timer.vhd(65): signal "Data_In" is read inside the Process Statement but isn't in the Process Statement's sensitivity list File: C:/altera/13.0/Compsys 305/Lab 3/up_timer.vhd Line: 65
Warning (10492): VHDL Process Statement warning at up_timer.vhd(65): signal "min" is read inside the Process Statement but isn't in the Process Statement's sensitivity list File: C:/altera/13.0/Compsys 305/Lab 3/up_timer.vhd Line: 65
Warning (10492): VHDL Process Statement warning at up_timer.vhd(65): signal "secTen" is read inside the Process Statement but isn't in the Process Statement's sensitivity list File: C:/altera/13.0/Compsys 305/Lab 3/up_timer.vhd Line: 65
Warning (10492): VHDL Process Statement warning at up_timer.vhd(65): signal "secOne" is read inside the Process Statement but isn't in the Process Statement's sensitivity list File: C:/altera/13.0/Compsys 305/Lab 3/up_timer.vhd Line: 65
Warning (10631): VHDL Process Statement warning at up_timer.vhd(46): inferring latch(es) for signal or variable "secOne_reset", which holds its previous value in one or more paths through the process File: C:/altera/13.0/Compsys 305/Lab 3/up_timer.vhd Line: 46
Warning (10631): VHDL Process Statement warning at up_timer.vhd(46): inferring latch(es) for signal or variable "secTen_reset", which holds its previous value in one or more paths through the process File: C:/altera/13.0/Compsys 305/Lab 3/up_timer.vhd Line: 46
Warning (10631): VHDL Process Statement warning at up_timer.vhd(46): inferring latch(es) for signal or variable "min_reset", which holds its previous value in one or more paths through the process File: C:/altera/13.0/Compsys 305/Lab 3/up_timer.vhd Line: 46
Warning (10631): VHDL Process Statement warning at up_timer.vhd(46): inferring latch(es) for signal or variable "u_Enable", which holds its previous value in one or more paths through the process File: C:/altera/13.0/Compsys 305/Lab 3/up_timer.vhd Line: 46
Warning (10631): VHDL Process Statement warning at up_timer.vhd(46): inferring latch(es) for signal or variable "timeout", which holds its previous value in one or more paths through the process File: C:/altera/13.0/Compsys 305/Lab 3/up_timer.vhd Line: 46
Warning (10631): VHDL Process Statement warning at up_timer.vhd(46): inferring latch(es) for signal or variable "enable1", which holds its previous value in one or more paths through the process File: C:/altera/13.0/Compsys 305/Lab 3/up_timer.vhd Line: 46
Warning (10631): VHDL Process Statement warning at up_timer.vhd(46): inferring latch(es) for signal or variable "enable2", which holds its previous value in one or more paths through the process File: C:/altera/13.0/Compsys 305/Lab 3/up_timer.vhd Line: 46
Info (10041): Inferred latch for "enable2" at up_timer.vhd(46) File: C:/altera/13.0/Compsys 305/Lab 3/up_timer.vhd Line: 46
Info (10041): Inferred latch for "enable1" at up_timer.vhd(46) File: C:/altera/13.0/Compsys 305/Lab 3/up_timer.vhd Line: 46
Info (10041): Inferred latch for "timeout" at up_timer.vhd(46) File: C:/altera/13.0/Compsys 305/Lab 3/up_timer.vhd Line: 46
Info (10041): Inferred latch for "u_Enable" at up_timer.vhd(46) File: C:/altera/13.0/Compsys 305/Lab 3/up_timer.vhd Line: 46
Info (10041): Inferred latch for "min_reset" at up_timer.vhd(46) File: C:/altera/13.0/Compsys 305/Lab 3/up_timer.vhd Line: 46
Info (10041): Inferred latch for "secTen_reset" at up_timer.vhd(46) File: C:/altera/13.0/Compsys 305/Lab 3/up_timer.vhd Line: 46
Info (10041): Inferred latch for "secOne_reset" at up_timer.vhd(46) File: C:/altera/13.0/Compsys 305/Lab 3/up_timer.vhd Line: 46
Info (12128): Elaborating entity "BCD" for hierarchy "BCD:Second1" File: C:/altera/13.0/Compsys 305/Lab 3/up_timer.vhd Line: 32
Info (12128): Elaborating entity "BCD_to_7Seg" for hierarchy "BCD_to_7Seg:sec1_segment" File: C:/altera/13.0/Compsys 305/Lab 3/up_timer.vhd Line: 39
Warning (13012): Latch min_reset has unsafe behavior File: C:/altera/13.0/Compsys 305/Lab 3/up_timer.vhd Line: 15
    Warning (13013): Ports D and ENA on the latch are fed by the same signal BCD:Second1|counter[0] File: C:/altera/13.0/Compsys 305/Lab 3/BCD.vhd Line: 19
Warning (13012): Latch enable2 has unsafe behavior File: C:/altera/13.0/Compsys 305/Lab 3/up_timer.vhd Line: 14
    Warning (13013): Ports D and ENA on the latch are fed by the same signal BCD:Second1|counter[0] File: C:/altera/13.0/Compsys 305/Lab 3/BCD.vhd Line: 19
Warning (13012): Latch secTen_reset has unsafe behavior File: C:/altera/13.0/Compsys 305/Lab 3/up_timer.vhd Line: 15
    Warning (13013): Ports D and ENA on the latch are fed by the same signal BCD:Second1|counter[0] File: C:/altera/13.0/Compsys 305/Lab 3/BCD.vhd Line: 19
Info (286030): Timing-Driven Synthesis is running
Info (16010): Generating hard_block partition "hard_block:auto_generated_inst"
    Info (16011): Adding 0 node(s), including 0 DDIO, 0 PLL, 0 transceiver and 0 LCELL
Info (21057): Implemented 89 device resources after synthesis - the final resource count might be different
    Info (21058): Implemented 12 input pins
    Info (21059): Implemented 22 output pins
    Info (21061): Implemented 55 logic cells
Info: Quartus Prime Analysis & Synthesis was successful. 0 errors, 23 warnings
    Info: Peak virtual memory: 4865 megabytes
    Info: Processing ended: Wed Apr 05 22:19:18 2023
    Info: Elapsed time: 00:00:11
    Info: Total CPU time (on all processors): 00:00:24


