Flow report for MiniProjectQuartus
Fri May 19 23:12:34 2023
Quartus Prime Version 18.1.0 Build 625 09/12/2018 SJ Lite Edition


---------------------
; Table of Contents ;
---------------------
  1. Legal Notice
  2. Flow Summary
  3. Flow Settings
  4. Flow Non-Default Global Settings
  5. Flow Elapsed Time
  6. Flow OS Summary
  7. Flow Log
  8. Flow Messages
  9. Flow Suppressed Messages



----------------
; Legal Notice ;
----------------
Copyright (C) 2018  Intel Corporation. All rights reserved.
Your use of Intel Corporation's design tools, logic functions 
and other software and tools, and its AMPP partner logic 
functions, and any output files from any of the foregoing 
(including device programming or simulation files), and any 
associated documentation or information are expressly subject 
to the terms and conditions of the Intel Program License 
Subscription Agreement, the Intel Quartus Prime License Agreement,
the Intel FPGA IP License Agreement, or other applicable license
agreement, including, without limitation, that your use is for
the sole purpose of programming logic devices manufactured by
Intel and sold by Intel or its authorized distributors.  Please
refer to the applicable agreement for further details.



+-------------------------------------------------------------------------------+
; Flow Summary                                                                  ;
+---------------------------------+---------------------------------------------+
; Flow Status                     ; Successful - Fri May 19 23:12:27 2023       ;
; Quartus Prime Version           ; 18.1.0 Build 625 09/12/2018 SJ Lite Edition ;
; Revision Name                   ; MiniProjectQuartus                          ;
; Top-level Entity Name           ; bouncy_test_v1                              ;
; Family                          ; Cyclone V                                   ;
; Device                          ; 5CEBA4F23C7                                 ;
; Timing Models                   ; Final                                       ;
; Logic utilization (in ALMs)     ; 524 / 18,480 ( 3 % )                        ;
; Total registers                 ; 240                                         ;
; Total pins                      ; 27 / 224 ( 12 % )                           ;
; Total virtual pins              ; 0                                           ;
; Total block memory bits         ; 4,096 / 3,153,920 ( < 1 % )                 ;
; Total DSP Blocks                ; 4 / 66 ( 6 % )                              ;
; Total HSSI RX PCSs              ; 0                                           ;
; Total HSSI PMA RX Deserializers ; 0                                           ;
; Total HSSI TX PCSs              ; 0                                           ;
; Total HSSI PMA TX Serializers   ; 0                                           ;
; Total PLLs                      ; 0 / 4 ( 0 % )                               ;
; Total DLLs                      ; 0 / 4 ( 0 % )                               ;
+---------------------------------+---------------------------------------------+


+-----------------------------------------+
; Flow Settings                           ;
+-------------------+---------------------+
; Option            ; Setting             ;
+-------------------+---------------------+
; Start date & time ; 05/19/2023 23:11:25 ;
; Main task         ; Compilation         ;
; Revision Name     ; MiniProjectQuartus  ;
+-------------------+---------------------+


+---------------------------------------------------------------------------------------------------------------------------------+
; Flow Non-Default Global Settings                                                                                                ;
+-------------------------------------+----------------------------------------+--------------------+----------------+------------+
; Assignment Name                     ; Value                                  ; Default Value      ; Entity Name    ; Section Id ;
+-------------------------------------+----------------------------------------+--------------------+----------------+------------+
; COMPILER_SIGNATURE_ID               ; 49410870269666.168449468402376         ; --                 ; --             ; --         ;
; MAX_CORE_JUNCTION_TEMP              ; 85                                     ; --                 ; --             ; --         ;
; MIN_CORE_JUNCTION_TEMP              ; 0                                      ; --                 ; --             ; --         ;
; PARTITION_COLOR                     ; -- (Not supported for targeted family) ; --                 ; bouncy_test_v1 ; Top        ;
; PARTITION_FITTER_PRESERVATION_LEVEL ; -- (Not supported for targeted family) ; --                 ; bouncy_test_v1 ; Top        ;
; PARTITION_NETLIST_TYPE              ; -- (Not supported for targeted family) ; --                 ; bouncy_test_v1 ; Top        ;
; POWER_BOARD_THERMAL_MODEL           ; None (CONSERVATIVE)                    ; --                 ; --             ; --         ;
; POWER_PRESET_COOLING_SOLUTION       ; 23 MM HEAT SINK WITH 200 LFPM AIRFLOW  ; --                 ; --             ; --         ;
; PROJECT_OUTPUT_DIRECTORY            ; output_files                           ; --                 ; --             ; --         ;
; TOP_LEVEL_ENTITY                    ; bouncy_test_v1                         ; MiniProjectQuartus ; --             ; --         ;
+-------------------------------------+----------------------------------------+--------------------+----------------+------------+


+--------------------------------------------------------------------------------------------------------------------------+
; Flow Elapsed Time                                                                                                        ;
+----------------------+--------------+-------------------------+---------------------+------------------------------------+
; Module Name          ; Elapsed Time ; Average Processors Used ; Peak Virtual Memory ; Total CPU Time (on all processors) ;
+----------------------+--------------+-------------------------+---------------------+------------------------------------+
; Analysis & Synthesis ; 00:00:11     ; 1.0                     ; 4889 MB             ; 00:00:22                           ;
; Fitter               ; 00:00:46     ; 1.1                     ; 6583 MB             ; 00:02:12                           ;
; Assembler            ; 00:00:03     ; 1.0                     ; 4817 MB             ; 00:00:03                           ;
; Timing Analyzer      ; 00:00:06     ; 1.5                     ; 5124 MB             ; 00:00:09                           ;
; Total                ; 00:01:06     ; --                      ; --                  ; 00:02:46                           ;
+----------------------+--------------+-------------------------+---------------------+------------------------------------+


+------------------------------------------------------------------------------------+
; Flow OS Summary                                                                    ;
+----------------------+------------------+------------+------------+----------------+
; Module Name          ; Machine Hostname ; OS Name    ; OS Version ; Processor type ;
+----------------------+------------------+------------+------------+----------------+
; Analysis & Synthesis ; Shaaran-Desktop  ; Windows 10 ; 10.0       ; x86_64         ;
; Fitter               ; Shaaran-Desktop  ; Windows 10 ; 10.0       ; x86_64         ;
; Assembler            ; Shaaran-Desktop  ; Windows 10 ; 10.0       ; x86_64         ;
; Timing Analyzer      ; Shaaran-Desktop  ; Windows 10 ; 10.0       ; x86_64         ;
+----------------------+------------------+------------+------------+----------------+


------------
; Flow Log ;
------------
quartus_map --read_settings_files=on --write_settings_files=off MiniProjectQuartus -c MiniProjectQuartus
quartus_fit --read_settings_files=off --write_settings_files=off MiniProjectQuartus -c MiniProjectQuartus
quartus_asm --read_settings_files=off --write_settings_files=off MiniProjectQuartus -c MiniProjectQuartus
quartus_sta MiniProjectQuartus -c MiniProjectQuartus



