Timing Analyzer report for MiniProjectQuartus
Tue May 02 16:17:01 2023
Quartus Prime Version 18.1.0 Build 625 09/12/2018 SJ Standard Edition


---------------------
; Table of Contents ;
---------------------
  1. Legal Notice
  2. Timing Analyzer Summary
  3. Parallel Compilation
  4. Clocks
  5. Slow 1100mV 85C Model Fmax Summary
  6. Timing Closure Recommendations
  7. Slow 1100mV 85C Model Setup Summary
  8. Slow 1100mV 85C Model Hold Summary
  9. Slow 1100mV 85C Model Recovery Summary
 10. Slow 1100mV 85C Model Removal Summary
 11. Slow 1100mV 85C Model Minimum Pulse Width Summary
 12. Slow 1100mV 85C Model Metastability Summary
 13. Slow 1100mV 0C Model Fmax Summary
 14. Slow 1100mV 0C Model Setup Summary
 15. Slow 1100mV 0C Model Hold Summary
 16. Slow 1100mV 0C Model Recovery Summary
 17. Slow 1100mV 0C Model Removal Summary
 18. Slow 1100mV 0C Model Minimum Pulse Width Summary
 19. Slow 1100mV 0C Model Metastability Summary
 20. Fast 1100mV 85C Model Setup Summary
 21. Fast 1100mV 85C Model Hold Summary
 22. Fast 1100mV 85C Model Recovery Summary
 23. Fast 1100mV 85C Model Removal Summary
 24. Fast 1100mV 85C Model Minimum Pulse Width Summary
 25. Fast 1100mV 85C Model Metastability Summary
 26. Fast 1100mV 0C Model Setup Summary
 27. Fast 1100mV 0C Model Hold Summary
 28. Fast 1100mV 0C Model Recovery Summary
 29. Fast 1100mV 0C Model Removal Summary
 30. Fast 1100mV 0C Model Minimum Pulse Width Summary
 31. Fast 1100mV 0C Model Metastability Summary
 32. Multicorner Timing Analysis Summary
 33. Board Trace Model Assignments
 34. Input Transition Times
 35. Signal Integrity Metrics (Slow 1100mv 0c Model)
 36. Signal Integrity Metrics (Slow 1100mv 85c Model)
 37. Signal Integrity Metrics (Fast 1100mv 0c Model)
 38. Signal Integrity Metrics (Fast 1100mv 85c Model)
 39. Setup Transfers
 40. Hold Transfers
 41. Recovery Transfers
 42. Removal Transfers
 43. Report TCCS
 44. Report RSKM
 45. Unconstrained Paths Summary
 46. Clock Status Summary
 47. Unconstrained Input Ports
 48. Unconstrained Output Ports
 49. Unconstrained Input Ports
 50. Unconstrained Output Ports
 51. Timing Analyzer Messages



----------------
; Legal Notice ;
----------------
Copyright (C) 2018  Intel Corporation. All rights reserved.
Your use of Intel Corporation's design tools, logic functions 
and other software and tools, and its AMPP partner logic 
functions, and any output files from any of the foregoing 
(including device programming or simulation files), and any 
associated documentation or information are expressly subject 
to the terms and conditions of the Intel Program License 
Subscription Agreement, the Intel Quartus Prime License Agreement,
the Intel FPGA IP License Agreement, or other applicable license
agreement, including, without limitation, that your use is for
the sole purpose of programming logic devices manufactured by
Intel and sold by Intel or its authorized distributors.  Please
refer to the applicable agreement for further details.



+---------------------------------------------------------------------------------+
; Timing Analyzer Summary                                                         ;
+-----------------------+---------------------------------------------------------+
; Quartus Prime Version ; Version 18.1.0 Build 625 09/12/2018 SJ Standard Edition ;
; Timing Analyzer       ; Legacy Timing Analyzer                                  ;
; Revision Name         ; MiniProjectQuartus                                      ;
; Device Family         ; Cyclone V                                               ;
; Device Name           ; 5CEBA4F23C7                                             ;
; Timing Models         ; Final                                                   ;
; Delay Model           ; Combined                                                ;
; Rise/Fall Delays      ; Enabled                                                 ;
+-----------------------+---------------------------------------------------------+


+------------------------------------------+
; Parallel Compilation                     ;
+----------------------------+-------------+
; Processors                 ; Number      ;
+----------------------------+-------------+
; Number detected on machine ; 12          ;
; Maximum allowed            ; 6           ;
;                            ;             ;
; Average used               ; 1.13        ;
; Maximum used               ; 6           ;
;                            ;             ;
; Usage by Processor         ; % Time Used ;
;     Processor 1            ; 100.0%      ;
;     Processor 2            ;   3.0%      ;
;     Processor 3            ;   2.9%      ;
;     Processor 4            ;   2.8%      ;
;     Processor 5            ;   2.0%      ;
;     Processor 6            ;   2.0%      ;
+----------------------------+-------------+


+------------------------------------------------------------------------------------------------------------------------------------------------------------------------------------------------------------------------------------+
; Clocks                                                                                                                                                                                                                             ;
+----------------------------------+------+--------+------------+-------+-------+------------+-----------+-------------+-------+--------+-----------+------------+----------+--------+--------+--------------------------------------+
; Clock Name                       ; Type ; Period ; Frequency  ; Rise  ; Fall  ; Duty Cycle ; Divide by ; Multiply by ; Phase ; Offset ; Edge List ; Edge Shift ; Inverted ; Master ; Source ; Targets                              ;
+----------------------------------+------+--------+------------+-------+-------+------------+-----------+-------------+-------+--------+-----------+------------+----------+--------+--------+--------------------------------------+
; Clk                              ; Base ; 1.000  ; 1000.0 MHz ; 0.000 ; 0.500 ;            ;           ;             ;       ;        ;           ;            ;          ;        ;        ; { Clk }                              ;
; Clock25MHz                       ; Base ; 1.000  ; 1000.0 MHz ; 0.000 ; 0.500 ;            ;           ;             ;       ;        ;           ;            ;          ;        ;        ; { Clock25MHz }                       ;
; MOUSE:mainMouse|MOUSE_CLK_FILTER ; Base ; 1.000  ; 1000.0 MHz ; 0.000 ; 0.500 ;            ;           ;             ;       ;        ;           ;            ;          ;        ;        ; { MOUSE:mainMouse|MOUSE_CLK_FILTER } ;
; VGA_SYNC:VGA|vert_sync_out       ; Base ; 1.000  ; 1000.0 MHz ; 0.000 ; 0.500 ;            ;           ;             ;       ;        ;           ;            ;          ;        ;        ; { VGA_SYNC:VGA|vert_sync_out }       ;
+----------------------------------+------+--------+------------+-------+-------+------------+-----------+-------------+-------+--------+-----------+------------+----------+--------+--------+--------------------------------------+


+------------------------------------------------------------------------+
; Slow 1100mV 85C Model Fmax Summary                                     ;
+------------+-----------------+----------------------------------+------+
; Fmax       ; Restricted Fmax ; Clock Name                       ; Note ;
+------------+-----------------+----------------------------------+------+
; 76.06 MHz  ; 76.06 MHz       ; Clock25MHz                       ;      ;
; 209.95 MHz ; 209.95 MHz      ; VGA_SYNC:VGA|vert_sync_out       ;      ;
; 298.86 MHz ; 298.86 MHz      ; MOUSE:mainMouse|MOUSE_CLK_FILTER ;      ;
+------------+-----------------+----------------------------------+------+
This panel reports FMAX for every clock in the design, regardless of the user-specified clock periods.  FMAX is only computed for paths where the source and destination registers or ports are driven by the same clock.  Paths of different clocks, including generated clocks, are ignored.  For paths between a clock and its inversion, FMAX is computed as if the rising and falling edges are scaled along with FMAX, such that the duty cycle (in terms of a percentage) is maintained. Altera recommends that you always use clock constraints and other slack reports for sign-off analysis.


----------------------------------
; Timing Closure Recommendations ;
----------------------------------
HTML report is unavailable in plain text report export.


+------------------------------------------------------------+
; Slow 1100mV 85C Model Setup Summary                        ;
+----------------------------------+---------+---------------+
; Clock                            ; Slack   ; End Point TNS ;
+----------------------------------+---------+---------------+
; Clock25MHz                       ; -12.148 ; -246.749      ;
; VGA_SYNC:VGA|vert_sync_out       ; -3.763  ; -106.130      ;
; Clk                              ; -2.946  ; -2.946        ;
; MOUSE:mainMouse|MOUSE_CLK_FILTER ; -2.346  ; -33.242       ;
+----------------------------------+---------+---------------+


+----------------------------------------------------------+
; Slow 1100mV 85C Model Hold Summary                       ;
+----------------------------------+-------+---------------+
; Clock                            ; Slack ; End Point TNS ;
+----------------------------------+-------+---------------+
; MOUSE:mainMouse|MOUSE_CLK_FILTER ; 0.121 ; 0.000         ;
; Clock25MHz                       ; 0.357 ; 0.000         ;
; VGA_SYNC:VGA|vert_sync_out       ; 0.931 ; 0.000         ;
; Clk                              ; 1.083 ; 0.000         ;
+----------------------------------+-------+---------------+


+-----------------------------------------------------------+
; Slow 1100mV 85C Model Recovery Summary                    ;
+----------------------------------+--------+---------------+
; Clock                            ; Slack  ; End Point TNS ;
+----------------------------------+--------+---------------+
; MOUSE:mainMouse|MOUSE_CLK_FILTER ; -0.665 ; -10.544       ;
+----------------------------------+--------+---------------+


+-----------------------------------------------------------+
; Slow 1100mV 85C Model Removal Summary                     ;
+----------------------------------+--------+---------------+
; Clock                            ; Slack  ; End Point TNS ;
+----------------------------------+--------+---------------+
; MOUSE:mainMouse|MOUSE_CLK_FILTER ; -0.188 ; -2.917        ;
+----------------------------------+--------+---------------+


+-----------------------------------------------------------+
; Slow 1100mV 85C Model Minimum Pulse Width Summary         ;
+----------------------------------+--------+---------------+
; Clock                            ; Slack  ; End Point TNS ;
+----------------------------------+--------+---------------+
; Clock25MHz                       ; -0.538 ; -75.156       ;
; VGA_SYNC:VGA|vert_sync_out       ; -0.538 ; -25.844       ;
; MOUSE:mainMouse|MOUSE_CLK_FILTER ; -0.538 ; -13.024       ;
; Clk                              ; -0.538 ; -0.986        ;
+----------------------------------+--------+---------------+


-----------------------------------------------
; Slow 1100mV 85C Model Metastability Summary ;
-----------------------------------------------
No synchronizer chains to report.


+------------------------------------------------------------------------+
; Slow 1100mV 0C Model Fmax Summary                                      ;
+------------+-----------------+----------------------------------+------+
; Fmax       ; Restricted Fmax ; Clock Name                       ; Note ;
+------------+-----------------+----------------------------------+------+
; 73.9 MHz   ; 73.9 MHz        ; Clock25MHz                       ;      ;
; 210.17 MHz ; 210.17 MHz      ; VGA_SYNC:VGA|vert_sync_out       ;      ;
; 308.93 MHz ; 308.93 MHz      ; MOUSE:mainMouse|MOUSE_CLK_FILTER ;      ;
+------------+-----------------+----------------------------------+------+
This panel reports FMAX for every clock in the design, regardless of the user-specified clock periods.  FMAX is only computed for paths where the source and destination registers or ports are driven by the same clock.  Paths of different clocks, including generated clocks, are ignored.  For paths between a clock and its inversion, FMAX is computed as if the rising and falling edges are scaled along with FMAX, such that the duty cycle (in terms of a percentage) is maintained. Altera recommends that you always use clock constraints and other slack reports for sign-off analysis.


+------------------------------------------------------------+
; Slow 1100mV 0C Model Setup Summary                         ;
+----------------------------------+---------+---------------+
; Clock                            ; Slack   ; End Point TNS ;
+----------------------------------+---------+---------------+
; Clock25MHz                       ; -12.531 ; -244.998      ;
; VGA_SYNC:VGA|vert_sync_out       ; -3.758  ; -109.175      ;
; Clk                              ; -2.784  ; -2.784        ;
; MOUSE:mainMouse|MOUSE_CLK_FILTER ; -2.237  ; -31.222       ;
+----------------------------------+---------+---------------+


+----------------------------------------------------------+
; Slow 1100mV 0C Model Hold Summary                        ;
+----------------------------------+-------+---------------+
; Clock                            ; Slack ; End Point TNS ;
+----------------------------------+-------+---------------+
; MOUSE:mainMouse|MOUSE_CLK_FILTER ; 0.065 ; 0.000         ;
; Clock25MHz                       ; 0.356 ; 0.000         ;
; VGA_SYNC:VGA|vert_sync_out       ; 0.940 ; 0.000         ;
; Clk                              ; 0.962 ; 0.000         ;
+----------------------------------+-------+---------------+


+-----------------------------------------------------------+
; Slow 1100mV 0C Model Recovery Summary                     ;
+----------------------------------+--------+---------------+
; Clock                            ; Slack  ; End Point TNS ;
+----------------------------------+--------+---------------+
; MOUSE:mainMouse|MOUSE_CLK_FILTER ; -0.547 ; -8.637        ;
+----------------------------------+--------+---------------+


+-----------------------------------------------------------+
; Slow 1100mV 0C Model Removal Summary                      ;
+----------------------------------+--------+---------------+
; Clock                            ; Slack  ; End Point TNS ;
+----------------------------------+--------+---------------+
; MOUSE:mainMouse|MOUSE_CLK_FILTER ; -0.177 ; -2.717        ;
+----------------------------------+--------+---------------+


+-----------------------------------------------------------+
; Slow 1100mV 0C Model Minimum Pulse Width Summary          ;
+----------------------------------+--------+---------------+
; Clock                            ; Slack  ; End Point TNS ;
+----------------------------------+--------+---------------+
; Clock25MHz                       ; -0.538 ; -74.029       ;
; VGA_SYNC:VGA|vert_sync_out       ; -0.538 ; -25.722       ;
; MOUSE:mainMouse|MOUSE_CLK_FILTER ; -0.538 ; -12.965       ;
; Clk                              ; -0.538 ; -1.028        ;
+----------------------------------+--------+---------------+


----------------------------------------------
; Slow 1100mV 0C Model Metastability Summary ;
----------------------------------------------
No synchronizer chains to report.


+-----------------------------------------------------------+
; Fast 1100mV 85C Model Setup Summary                       ;
+----------------------------------+--------+---------------+
; Clock                            ; Slack  ; End Point TNS ;
+----------------------------------+--------+---------------+
; Clock25MHz                       ; -5.118 ; -96.552       ;
; Clk                              ; -2.241 ; -2.241        ;
; VGA_SYNC:VGA|vert_sync_out       ; -1.581 ; -40.389       ;
; MOUSE:mainMouse|MOUSE_CLK_FILTER ; -0.828 ; -11.051       ;
+----------------------------------+--------+---------------+


+-----------------------------------------------------------+
; Fast 1100mV 85C Model Hold Summary                        ;
+----------------------------------+--------+---------------+
; Clock                            ; Slack  ; End Point TNS ;
+----------------------------------+--------+---------------+
; MOUSE:mainMouse|MOUSE_CLK_FILTER ; -0.072 ; -1.054        ;
; Clock25MHz                       ; 0.103  ; 0.000         ;
; VGA_SYNC:VGA|vert_sync_out       ; 0.384  ; 0.000         ;
; Clk                              ; 1.159  ; 0.000         ;
+----------------------------------+--------+---------------+


+-----------------------------------------------------------+
; Fast 1100mV 85C Model Recovery Summary                    ;
+----------------------------------+--------+---------------+
; Clock                            ; Slack  ; End Point TNS ;
+----------------------------------+--------+---------------+
; MOUSE:mainMouse|MOUSE_CLK_FILTER ; -0.073 ; -1.121        ;
+----------------------------------+--------+---------------+


+-----------------------------------------------------------+
; Fast 1100mV 85C Model Removal Summary                     ;
+----------------------------------+--------+---------------+
; Clock                            ; Slack  ; End Point TNS ;
+----------------------------------+--------+---------------+
; MOUSE:mainMouse|MOUSE_CLK_FILTER ; -0.241 ; -3.819        ;
+----------------------------------+--------+---------------+


+-----------------------------------------------------------+
; Fast 1100mV 85C Model Minimum Pulse Width Summary         ;
+----------------------------------+--------+---------------+
; Clock                            ; Slack  ; End Point TNS ;
+----------------------------------+--------+---------------+
; Clk                              ; -0.437 ; -0.526        ;
; Clock25MHz                       ; -0.078 ; -2.292        ;
; MOUSE:mainMouse|MOUSE_CLK_FILTER ; -0.010 ; -0.133        ;
; VGA_SYNC:VGA|vert_sync_out       ; 0.065  ; 0.000         ;
+----------------------------------+--------+---------------+


-----------------------------------------------
; Fast 1100mV 85C Model Metastability Summary ;
-----------------------------------------------
No synchronizer chains to report.


+-----------------------------------------------------------+
; Fast 1100mV 0C Model Setup Summary                        ;
+----------------------------------+--------+---------------+
; Clock                            ; Slack  ; End Point TNS ;
+----------------------------------+--------+---------------+
; Clock25MHz                       ; -4.781 ; -83.851       ;
; Clk                              ; -1.904 ; -1.904        ;
; VGA_SYNC:VGA|vert_sync_out       ; -1.411 ; -36.308       ;
; MOUSE:mainMouse|MOUSE_CLK_FILTER ; -0.684 ; -9.004        ;
+----------------------------------+--------+---------------+


+-----------------------------------------------------------+
; Fast 1100mV 0C Model Hold Summary                         ;
+----------------------------------+--------+---------------+
; Clock                            ; Slack  ; End Point TNS ;
+----------------------------------+--------+---------------+
; MOUSE:mainMouse|MOUSE_CLK_FILTER ; -0.038 ; -0.570        ;
; Clock25MHz                       ; 0.085  ; 0.000         ;
; VGA_SYNC:VGA|vert_sync_out       ; 0.352  ; 0.000         ;
; Clk                              ; 0.911  ; 0.000         ;
+----------------------------------+--------+---------------+


+-----------------------------------------------------------+
; Fast 1100mV 0C Model Recovery Summary                     ;
+----------------------------------+--------+---------------+
; Clock                            ; Slack  ; End Point TNS ;
+----------------------------------+--------+---------------+
; MOUSE:mainMouse|MOUSE_CLK_FILTER ; -0.059 ; -0.916        ;
+----------------------------------+--------+---------------+


+-----------------------------------------------------------+
; Fast 1100mV 0C Model Removal Summary                      ;
+----------------------------------+--------+---------------+
; Clock                            ; Slack  ; End Point TNS ;
+----------------------------------+--------+---------------+
; MOUSE:mainMouse|MOUSE_CLK_FILTER ; -0.201 ; -3.192        ;
+----------------------------------+--------+---------------+


+-----------------------------------------------------------+
; Fast 1100mV 0C Model Minimum Pulse Width Summary          ;
+----------------------------------+--------+---------------+
; Clock                            ; Slack  ; End Point TNS ;
+----------------------------------+--------+---------------+
; Clk                              ; -0.443 ; -0.544        ;
; Clock25MHz                       ; -0.020 ; -0.150        ;
; MOUSE:mainMouse|MOUSE_CLK_FILTER ; 0.005  ; 0.000         ;
; VGA_SYNC:VGA|vert_sync_out       ; 0.085  ; 0.000         ;
+----------------------------------+--------+---------------+


----------------------------------------------
; Fast 1100mV 0C Model Metastability Summary ;
----------------------------------------------
No synchronizer chains to report.


+--------------------------------------------------------------------------------------------------+
; Multicorner Timing Analysis Summary                                                              ;
+-----------------------------------+----------+--------+----------+---------+---------------------+
; Clock                             ; Setup    ; Hold   ; Recovery ; Removal ; Minimum Pulse Width ;
+-----------------------------------+----------+--------+----------+---------+---------------------+
; Worst-case Slack                  ; -12.531  ; -0.072 ; -0.665   ; -0.241  ; -0.538              ;
;  Clk                              ; -2.946   ; 0.911  ; N/A      ; N/A     ; -0.538              ;
;  Clock25MHz                       ; -12.531  ; 0.085  ; N/A      ; N/A     ; -0.538              ;
;  MOUSE:mainMouse|MOUSE_CLK_FILTER ; -2.346   ; -0.072 ; -0.665   ; -0.241  ; -0.538              ;
;  VGA_SYNC:VGA|vert_sync_out       ; -3.763   ; 0.352  ; N/A      ; N/A     ; -0.538              ;
; Design-wide TNS                   ; -389.067 ; -1.054 ; -10.544  ; -3.819  ; -115.01             ;
;  Clk                              ; -2.946   ; 0.000  ; N/A      ; N/A     ; -1.028              ;
;  Clock25MHz                       ; -246.749 ; 0.000  ; N/A      ; N/A     ; -75.156             ;
;  MOUSE:mainMouse|MOUSE_CLK_FILTER ; -33.242  ; -1.054 ; -10.544  ; -3.819  ; -13.024             ;
;  VGA_SYNC:VGA|vert_sync_out       ; -109.175 ; 0.000  ; N/A      ; N/A     ; -25.844             ;
+-----------------------------------+----------+--------+----------+---------+---------------------+


+-------------------------------------------------------------------------------------------------------------------------------------------------------------------------------------------------------------------------------------------------------------------------------------------------------------------------------------------------------------------------------------------------------------------+
; Board Trace Model Assignments                                                                                                                                                                                                                                                                                                                                                                                     ;
+----------------+--------------+-------------------+-------------------------+-------------------------+---------------+---------------------+----------------+------------------+--------+------------------+------------------------+------------------------+--------------+---------------+-----------------+-------+---------------------+--------------------+---------------+-----------------+-------------+
; Pin            ; I/O Standard ; Near Tline Length ; Near Tline L per Length ; Near Tline C per Length ; Near Series R ; Near Differential R ; Near Pull-up R ; Near Pull-down R ; Near C ; Far Tline Length ; Far Tline L per Length ; Far Tline C per Length ; Far Series R ; Far Pull-up R ; Far Pull-down R ; Far C ; Termination Voltage ; Far Differential R ; EBD File Name ; EBD Signal Name ; EBD Far-end ;
+----------------+--------------+-------------------+-------------------------+-------------------------+---------------+---------------------+----------------+------------------+--------+------------------+------------------------+------------------------+--------------+---------------+-----------------+-------+---------------------+--------------------+---------------+-----------------+-------------+
; red_out        ; 2.5 V        ; 0 in              ; 0 H/in                  ; 0 F/in                  ; short         ; -                   ; open           ; open             ; open   ; 0 in             ; 0 H/in                 ; 0 F/in                 ; short        ; open          ; open            ; open  ; 0 V                 ; -                  ; n/a           ; n/a             ; n/a         ;
; green_out      ; 2.5 V        ; 0 in              ; 0 H/in                  ; 0 F/in                  ; short         ; -                   ; open           ; open             ; open   ; 0 in             ; 0 H/in                 ; 0 F/in                 ; short        ; open          ; open            ; open  ; 0 V                 ; -                  ; n/a           ; n/a             ; n/a         ;
; blue_out       ; 2.5 V        ; 0 in              ; 0 H/in                  ; 0 F/in                  ; short         ; -                   ; open           ; open             ; open   ; 0 in             ; 0 H/in                 ; 0 F/in                 ; short        ; open          ; open            ; open  ; 0 V                 ; -                  ; n/a           ; n/a             ; n/a         ;
; horiz_sync_out ; 2.5 V        ; 0 in              ; 0 H/in                  ; 0 F/in                  ; short         ; -                   ; open           ; open             ; open   ; 0 in             ; 0 H/in                 ; 0 F/in                 ; short        ; open          ; open            ; open  ; 0 V                 ; -                  ; n/a           ; n/a             ; n/a         ;
; vert_sync_out  ; 2.5 V        ; 0 in              ; 0 H/in                  ; 0 F/in                  ; short         ; -                   ; open           ; open             ; open   ; 0 in             ; 0 H/in                 ; 0 F/in                 ; short        ; open          ; open            ; open  ; 0 V                 ; -                  ; n/a           ; n/a             ; n/a         ;
; mouseData      ; 2.5 V        ; 0 in              ; 0 H/in                  ; 0 F/in                  ; short         ; -                   ; open           ; open             ; open   ; 0 in             ; 0 H/in                 ; 0 F/in                 ; short        ; open          ; open            ; open  ; 0 V                 ; -                  ; n/a           ; n/a             ; n/a         ;
; clk_Mouse      ; 2.5 V        ; 0 in              ; 0 H/in                  ; 0 F/in                  ; short         ; -                   ; open           ; open             ; open   ; 0 in             ; 0 H/in                 ; 0 F/in                 ; short        ; open          ; open            ; open  ; 0 V                 ; -                  ; n/a           ; n/a             ; n/a         ;
+----------------+--------------+-------------------+-------------------------+-------------------------+---------------+---------------------+----------------+------------------+--------+------------------+------------------------+------------------------+--------------+---------------+-----------------+-------+---------------------+--------------------+---------------+-----------------+-------------+


+----------------------------------------------------------------+
; Input Transition Times                                         ;
+-------------+--------------+-----------------+-----------------+
; Pin         ; I/O Standard ; 10-90 Rise Time ; 90-10 Fall Time ;
+-------------+--------------+-----------------+-----------------+
; mouseData   ; 2.5 V        ; 2000 ps         ; 2000 ps         ;
; clk_Mouse   ; 2.5 V        ; 2000 ps         ; 2000 ps         ;
; PushButton1 ; 2.5 V        ; 2000 ps         ; 2000 ps         ;
; PushButton2 ; 2.5 V        ; 2000 ps         ; 2000 ps         ;
; Clk         ; 2.5 V        ; 2000 ps         ; 2000 ps         ;
+-------------+--------------+-----------------+-----------------+


+---------------------------------------------------------------------------------------------------------------------------------------------------------------------------------------------------------------------------------------------------------------------------------------------------------------------------------------------------------------------------------------------------------------------------------------------------------------------------------------------------------------------------------------------------------------------------------------------------------------------------------------------------------------------------------------------+
; Signal Integrity Metrics (Slow 1100mv 0c Model)                                                                                                                                                                                                                                                                                                                                                                                                                                                                                                                                                                                                                                             ;
+----------------+--------------+---------------------+---------------------+------------------------------+------------------------------+---------------------+---------------------+--------------------------------------+--------------------------------------+-----------------------------+-----------------------------+----------------------------+----------------------------+-----------------------------+-----------------------------+--------------------+--------------------+-------------------------------------+-------------------------------------+----------------------------+----------------------------+---------------------------+---------------------------+
; Pin            ; I/O Standard ; Board Delay on Rise ; Board Delay on Fall ; Steady State Voh at FPGA Pin ; Steady State Vol at FPGA Pin ; Voh Max at FPGA Pin ; Vol Min at FPGA Pin ; Ringback Voltage on Rise at FPGA Pin ; Ringback Voltage on Fall at FPGA Pin ; 10-90 Rise Time at FPGA Pin ; 90-10 Fall Time at FPGA Pin ; Monotonic Rise at FPGA Pin ; Monotonic Fall at FPGA Pin ; Steady State Voh at Far-end ; Steady State Vol at Far-end ; Voh Max at Far-end ; Vol Min at Far-end ; Ringback Voltage on Rise at Far-end ; Ringback Voltage on Fall at Far-end ; 10-90 Rise Time at Far-end ; 90-10 Fall Time at Far-end ; Monotonic Rise at Far-end ; Monotonic Fall at Far-end ;
+----------------+--------------+---------------------+---------------------+------------------------------+------------------------------+---------------------+---------------------+--------------------------------------+--------------------------------------+-----------------------------+-----------------------------+----------------------------+----------------------------+-----------------------------+-----------------------------+--------------------+--------------------+-------------------------------------+-------------------------------------+----------------------------+----------------------------+---------------------------+---------------------------+
; red_out        ; 2.5 V        ; 0 s                 ; 0 s                 ; 2.32 V                       ; 2.15e-07 V                   ; 2.41 V              ; -0.0492 V           ; 0.181 V                              ; 0.116 V                              ; 4.54e-10 s                  ; 4.44e-10 s                  ; No                         ; Yes                        ; 2.32 V                      ; 2.15e-07 V                  ; 2.41 V             ; -0.0492 V          ; 0.181 V                             ; 0.116 V                             ; 4.54e-10 s                 ; 4.44e-10 s                 ; No                        ; Yes                       ;
; green_out      ; 2.5 V        ; 0 s                 ; 0 s                 ; 2.32 V                       ; 1.88e-07 V                   ; 2.35 V              ; -0.0185 V           ; 0.153 V                              ; 0.099 V                              ; 4.6e-10 s                   ; 4.48e-10 s                  ; No                         ; Yes                        ; 2.32 V                      ; 1.88e-07 V                  ; 2.35 V             ; -0.0185 V          ; 0.153 V                             ; 0.099 V                             ; 4.6e-10 s                  ; 4.48e-10 s                 ; No                        ; Yes                       ;
; blue_out       ; 2.5 V        ; 0 s                 ; 0 s                 ; 2.32 V                       ; 1.88e-07 V                   ; 2.35 V              ; -0.0185 V           ; 0.153 V                              ; 0.099 V                              ; 4.6e-10 s                   ; 4.48e-10 s                  ; No                         ; Yes                        ; 2.32 V                      ; 1.88e-07 V                  ; 2.35 V             ; -0.0185 V          ; 0.153 V                             ; 0.099 V                             ; 4.6e-10 s                  ; 4.48e-10 s                 ; No                        ; Yes                       ;
; horiz_sync_out ; 2.5 V        ; 0 s                 ; 0 s                 ; 2.32 V                       ; 2.19e-07 V                   ; 2.4 V               ; -0.039 V            ; 0.21 V                               ; 0.145 V                              ; 4.67e-10 s                  ; 4.63e-10 s                  ; No                         ; Yes                        ; 2.32 V                      ; 2.19e-07 V                  ; 2.4 V              ; -0.039 V           ; 0.21 V                              ; 0.145 V                             ; 4.67e-10 s                 ; 4.63e-10 s                 ; No                        ; Yes                       ;
; vert_sync_out  ; 2.5 V        ; 0 s                 ; 0 s                 ; 2.32 V                       ; 2.15e-07 V                   ; 2.41 V              ; -0.0495 V           ; 0.18 V                               ; 0.115 V                              ; 4.54e-10 s                  ; 4.44e-10 s                  ; No                         ; Yes                        ; 2.32 V                      ; 2.15e-07 V                  ; 2.41 V             ; -0.0495 V          ; 0.18 V                              ; 0.115 V                             ; 4.54e-10 s                 ; 4.44e-10 s                 ; No                        ; Yes                       ;
; mouseData      ; 2.5 V        ; 0 s                 ; 0 s                 ; 2.32 V                       ; 2.19e-07 V                   ; 2.4 V               ; -0.039 V            ; 0.21 V                               ; 0.145 V                              ; 4.67e-10 s                  ; 4.63e-10 s                  ; No                         ; Yes                        ; 2.32 V                      ; 2.19e-07 V                  ; 2.4 V              ; -0.039 V           ; 0.21 V                              ; 0.145 V                             ; 4.67e-10 s                 ; 4.63e-10 s                 ; No                        ; Yes                       ;
; clk_Mouse      ; 2.5 V        ; 0 s                 ; 0 s                 ; 2.32 V                       ; 2.15e-07 V                   ; 2.41 V              ; -0.0492 V           ; 0.181 V                              ; 0.116 V                              ; 4.54e-10 s                  ; 4.44e-10 s                  ; No                         ; Yes                        ; 2.32 V                      ; 2.15e-07 V                  ; 2.41 V             ; -0.0492 V          ; 0.181 V                             ; 0.116 V                             ; 4.54e-10 s                 ; 4.44e-10 s                 ; No                        ; Yes                       ;
+----------------+--------------+---------------------+---------------------+------------------------------+------------------------------+---------------------+---------------------+--------------------------------------+--------------------------------------+-----------------------------+-----------------------------+----------------------------+----------------------------+-----------------------------+-----------------------------+--------------------+--------------------+-------------------------------------+-------------------------------------+----------------------------+----------------------------+---------------------------+---------------------------+


+---------------------------------------------------------------------------------------------------------------------------------------------------------------------------------------------------------------------------------------------------------------------------------------------------------------------------------------------------------------------------------------------------------------------------------------------------------------------------------------------------------------------------------------------------------------------------------------------------------------------------------------------------------------------------------------------+
; Signal Integrity Metrics (Slow 1100mv 85c Model)                                                                                                                                                                                                                                                                                                                                                                                                                                                                                                                                                                                                                                            ;
+----------------+--------------+---------------------+---------------------+------------------------------+------------------------------+---------------------+---------------------+--------------------------------------+--------------------------------------+-----------------------------+-----------------------------+----------------------------+----------------------------+-----------------------------+-----------------------------+--------------------+--------------------+-------------------------------------+-------------------------------------+----------------------------+----------------------------+---------------------------+---------------------------+
; Pin            ; I/O Standard ; Board Delay on Rise ; Board Delay on Fall ; Steady State Voh at FPGA Pin ; Steady State Vol at FPGA Pin ; Voh Max at FPGA Pin ; Vol Min at FPGA Pin ; Ringback Voltage on Rise at FPGA Pin ; Ringback Voltage on Fall at FPGA Pin ; 10-90 Rise Time at FPGA Pin ; 90-10 Fall Time at FPGA Pin ; Monotonic Rise at FPGA Pin ; Monotonic Fall at FPGA Pin ; Steady State Voh at Far-end ; Steady State Vol at Far-end ; Voh Max at Far-end ; Vol Min at Far-end ; Ringback Voltage on Rise at Far-end ; Ringback Voltage on Fall at Far-end ; 10-90 Rise Time at Far-end ; 90-10 Fall Time at Far-end ; Monotonic Rise at Far-end ; Monotonic Fall at Far-end ;
+----------------+--------------+---------------------+---------------------+------------------------------+------------------------------+---------------------+---------------------+--------------------------------------+--------------------------------------+-----------------------------+-----------------------------+----------------------------+----------------------------+-----------------------------+-----------------------------+--------------------+--------------------+-------------------------------------+-------------------------------------+----------------------------+----------------------------+---------------------------+---------------------------+
; red_out        ; 2.5 V        ; 0 s                 ; 0 s                 ; 2.32 V                       ; 2.52e-05 V                   ; 2.38 V              ; -0.032 V            ; 0.204 V                              ; 0.181 V                              ; 4.74e-10 s                  ; 4.85e-10 s                  ; No                         ; Yes                        ; 2.32 V                      ; 2.52e-05 V                  ; 2.38 V             ; -0.032 V           ; 0.204 V                             ; 0.181 V                             ; 4.74e-10 s                 ; 4.85e-10 s                 ; No                        ; Yes                       ;
; green_out      ; 2.5 V        ; 0 s                 ; 0 s                 ; 2.32 V                       ; 2.27e-05 V                   ; 2.34 V              ; -0.0089 V           ; 0.206 V                              ; 0.058 V                              ; 4.97e-10 s                  ; 5.13e-10 s                  ; Yes                        ; Yes                        ; 2.32 V                      ; 2.27e-05 V                  ; 2.34 V             ; -0.0089 V          ; 0.206 V                             ; 0.058 V                             ; 4.97e-10 s                 ; 5.13e-10 s                 ; Yes                       ; Yes                       ;
; blue_out       ; 2.5 V        ; 0 s                 ; 0 s                 ; 2.32 V                       ; 2.27e-05 V                   ; 2.34 V              ; -0.0089 V           ; 0.206 V                              ; 0.058 V                              ; 4.97e-10 s                  ; 5.13e-10 s                  ; Yes                        ; Yes                        ; 2.32 V                      ; 2.27e-05 V                  ; 2.34 V             ; -0.0089 V          ; 0.206 V                             ; 0.058 V                             ; 4.97e-10 s                 ; 5.13e-10 s                 ; Yes                       ; Yes                       ;
; horiz_sync_out ; 2.5 V        ; 0 s                 ; 0 s                 ; 2.32 V                       ; 2.56e-05 V                   ; 2.38 V              ; -0.026 V            ; 0.249 V                              ; 0.089 V                              ; 4.95e-10 s                  ; 6.01e-10 s                  ; No                         ; Yes                        ; 2.32 V                      ; 2.56e-05 V                  ; 2.38 V             ; -0.026 V           ; 0.249 V                             ; 0.089 V                             ; 4.95e-10 s                 ; 6.01e-10 s                 ; No                        ; Yes                       ;
; vert_sync_out  ; 2.5 V        ; 0 s                 ; 0 s                 ; 2.32 V                       ; 2.52e-05 V                   ; 2.38 V              ; -0.0315 V           ; 0.205 V                              ; 0.182 V                              ; 4.74e-10 s                  ; 4.85e-10 s                  ; No                         ; Yes                        ; 2.32 V                      ; 2.52e-05 V                  ; 2.38 V             ; -0.0315 V          ; 0.205 V                             ; 0.182 V                             ; 4.74e-10 s                 ; 4.85e-10 s                 ; No                        ; Yes                       ;
; mouseData      ; 2.5 V        ; 0 s                 ; 0 s                 ; 2.32 V                       ; 2.56e-05 V                   ; 2.38 V              ; -0.026 V            ; 0.249 V                              ; 0.089 V                              ; 4.95e-10 s                  ; 6.01e-10 s                  ; No                         ; Yes                        ; 2.32 V                      ; 2.56e-05 V                  ; 2.38 V             ; -0.026 V           ; 0.249 V                             ; 0.089 V                             ; 4.95e-10 s                 ; 6.01e-10 s                 ; No                        ; Yes                       ;
; clk_Mouse      ; 2.5 V        ; 0 s                 ; 0 s                 ; 2.32 V                       ; 2.52e-05 V                   ; 2.38 V              ; -0.032 V            ; 0.204 V                              ; 0.181 V                              ; 4.74e-10 s                  ; 4.85e-10 s                  ; No                         ; Yes                        ; 2.32 V                      ; 2.52e-05 V                  ; 2.38 V             ; -0.032 V           ; 0.204 V                             ; 0.181 V                             ; 4.74e-10 s                 ; 4.85e-10 s                 ; No                        ; Yes                       ;
+----------------+--------------+---------------------+---------------------+------------------------------+------------------------------+---------------------+---------------------+--------------------------------------+--------------------------------------+-----------------------------+-----------------------------+----------------------------+----------------------------+-----------------------------+-----------------------------+--------------------+--------------------+-------------------------------------+-------------------------------------+----------------------------+----------------------------+---------------------------+---------------------------+


+---------------------------------------------------------------------------------------------------------------------------------------------------------------------------------------------------------------------------------------------------------------------------------------------------------------------------------------------------------------------------------------------------------------------------------------------------------------------------------------------------------------------------------------------------------------------------------------------------------------------------------------------------------------------------------------------+
; Signal Integrity Metrics (Fast 1100mv 0c Model)                                                                                                                                                                                                                                                                                                                                                                                                                                                                                                                                                                                                                                             ;
+----------------+--------------+---------------------+---------------------+------------------------------+------------------------------+---------------------+---------------------+--------------------------------------+--------------------------------------+-----------------------------+-----------------------------+----------------------------+----------------------------+-----------------------------+-----------------------------+--------------------+--------------------+-------------------------------------+-------------------------------------+----------------------------+----------------------------+---------------------------+---------------------------+
; Pin            ; I/O Standard ; Board Delay on Rise ; Board Delay on Fall ; Steady State Voh at FPGA Pin ; Steady State Vol at FPGA Pin ; Voh Max at FPGA Pin ; Vol Min at FPGA Pin ; Ringback Voltage on Rise at FPGA Pin ; Ringback Voltage on Fall at FPGA Pin ; 10-90 Rise Time at FPGA Pin ; 90-10 Fall Time at FPGA Pin ; Monotonic Rise at FPGA Pin ; Monotonic Fall at FPGA Pin ; Steady State Voh at Far-end ; Steady State Vol at Far-end ; Voh Max at Far-end ; Vol Min at Far-end ; Ringback Voltage on Rise at Far-end ; Ringback Voltage on Fall at Far-end ; 10-90 Rise Time at Far-end ; 90-10 Fall Time at Far-end ; Monotonic Rise at Far-end ; Monotonic Fall at Far-end ;
+----------------+--------------+---------------------+---------------------+------------------------------+------------------------------+---------------------+---------------------+--------------------------------------+--------------------------------------+-----------------------------+-----------------------------+----------------------------+----------------------------+-----------------------------+-----------------------------+--------------------+--------------------+-------------------------------------+-------------------------------------+----------------------------+----------------------------+---------------------------+---------------------------+
; red_out        ; 2.5 V        ; 0 s                 ; 0 s                 ; 2.75 V                       ; 4.14e-06 V                   ; 2.91 V              ; -0.119 V            ; 0.326 V                              ; 0.298 V                              ; 2.74e-10 s                  ; 2.8e-10 s                   ; No                         ; No                         ; 2.75 V                      ; 4.14e-06 V                  ; 2.91 V             ; -0.119 V           ; 0.326 V                             ; 0.298 V                             ; 2.74e-10 s                 ; 2.8e-10 s                  ; No                        ; No                        ;
; green_out      ; 2.5 V        ; 0 s                 ; 0 s                 ; 2.75 V                       ; 3.54e-06 V                   ; 2.81 V              ; -0.0578 V           ; 0.303 V                              ; 0.28 V                               ; 2.93e-10 s                  ; 3.01e-10 s                  ; No                         ; No                         ; 2.75 V                      ; 3.54e-06 V                  ; 2.81 V             ; -0.0578 V          ; 0.303 V                             ; 0.28 V                              ; 2.93e-10 s                 ; 3.01e-10 s                 ; No                        ; No                        ;
; blue_out       ; 2.5 V        ; 0 s                 ; 0 s                 ; 2.75 V                       ; 3.54e-06 V                   ; 2.81 V              ; -0.0578 V           ; 0.303 V                              ; 0.28 V                               ; 2.93e-10 s                  ; 3.01e-10 s                  ; No                         ; No                         ; 2.75 V                      ; 3.54e-06 V                  ; 2.81 V             ; -0.0578 V          ; 0.303 V                             ; 0.28 V                              ; 2.93e-10 s                 ; 3.01e-10 s                 ; No                        ; No                        ;
; horiz_sync_out ; 2.5 V        ; 0 s                 ; 0 s                 ; 2.75 V                       ; 4.25e-06 V                   ; 2.9 V               ; -0.107 V            ; 0.378 V                              ; 0.16 V                               ; 2.87e-10 s                  ; 4.28e-10 s                  ; No                         ; No                         ; 2.75 V                      ; 4.25e-06 V                  ; 2.9 V              ; -0.107 V           ; 0.378 V                             ; 0.16 V                              ; 2.87e-10 s                 ; 4.28e-10 s                 ; No                        ; No                        ;
; vert_sync_out  ; 2.5 V        ; 0 s                 ; 0 s                 ; 2.75 V                       ; 4.14e-06 V                   ; 2.91 V              ; -0.121 V            ; 0.326 V                              ; 0.297 V                              ; 2.74e-10 s                  ; 2.8e-10 s                   ; No                         ; No                         ; 2.75 V                      ; 4.14e-06 V                  ; 2.91 V             ; -0.121 V           ; 0.326 V                             ; 0.297 V                             ; 2.74e-10 s                 ; 2.8e-10 s                  ; No                        ; No                        ;
; mouseData      ; 2.5 V        ; 0 s                 ; 0 s                 ; 2.75 V                       ; 4.25e-06 V                   ; 2.9 V               ; -0.107 V            ; 0.378 V                              ; 0.16 V                               ; 2.87e-10 s                  ; 4.28e-10 s                  ; No                         ; No                         ; 2.75 V                      ; 4.25e-06 V                  ; 2.9 V              ; -0.107 V           ; 0.378 V                             ; 0.16 V                              ; 2.87e-10 s                 ; 4.28e-10 s                 ; No                        ; No                        ;
; clk_Mouse      ; 2.5 V        ; 0 s                 ; 0 s                 ; 2.75 V                       ; 4.14e-06 V                   ; 2.91 V              ; -0.119 V            ; 0.326 V                              ; 0.298 V                              ; 2.74e-10 s                  ; 2.8e-10 s                   ; No                         ; No                         ; 2.75 V                      ; 4.14e-06 V                  ; 2.91 V             ; -0.119 V           ; 0.326 V                             ; 0.298 V                             ; 2.74e-10 s                 ; 2.8e-10 s                  ; No                        ; No                        ;
+----------------+--------------+---------------------+---------------------+------------------------------+------------------------------+---------------------+---------------------+--------------------------------------+--------------------------------------+-----------------------------+-----------------------------+----------------------------+----------------------------+-----------------------------+-----------------------------+--------------------+--------------------+-------------------------------------+-------------------------------------+----------------------------+----------------------------+---------------------------+---------------------------+


+---------------------------------------------------------------------------------------------------------------------------------------------------------------------------------------------------------------------------------------------------------------------------------------------------------------------------------------------------------------------------------------------------------------------------------------------------------------------------------------------------------------------------------------------------------------------------------------------------------------------------------------------------------------------------------------------+
; Signal Integrity Metrics (Fast 1100mv 85c Model)                                                                                                                                                                                                                                                                                                                                                                                                                                                                                                                                                                                                                                            ;
+----------------+--------------+---------------------+---------------------+------------------------------+------------------------------+---------------------+---------------------+--------------------------------------+--------------------------------------+-----------------------------+-----------------------------+----------------------------+----------------------------+-----------------------------+-----------------------------+--------------------+--------------------+-------------------------------------+-------------------------------------+----------------------------+----------------------------+---------------------------+---------------------------+
; Pin            ; I/O Standard ; Board Delay on Rise ; Board Delay on Fall ; Steady State Voh at FPGA Pin ; Steady State Vol at FPGA Pin ; Voh Max at FPGA Pin ; Vol Min at FPGA Pin ; Ringback Voltage on Rise at FPGA Pin ; Ringback Voltage on Fall at FPGA Pin ; 10-90 Rise Time at FPGA Pin ; 90-10 Fall Time at FPGA Pin ; Monotonic Rise at FPGA Pin ; Monotonic Fall at FPGA Pin ; Steady State Voh at Far-end ; Steady State Vol at Far-end ; Voh Max at Far-end ; Vol Min at Far-end ; Ringback Voltage on Rise at Far-end ; Ringback Voltage on Fall at Far-end ; 10-90 Rise Time at Far-end ; 90-10 Fall Time at Far-end ; Monotonic Rise at Far-end ; Monotonic Fall at Far-end ;
+----------------+--------------+---------------------+---------------------+------------------------------+------------------------------+---------------------+---------------------+--------------------------------------+--------------------------------------+-----------------------------+-----------------------------+----------------------------+----------------------------+-----------------------------+-----------------------------+--------------------+--------------------+-------------------------------------+-------------------------------------+----------------------------+----------------------------+---------------------------+---------------------------+
; red_out        ; 2.5 V        ; 0 s                 ; 0 s                 ; 2.75 V                       ; 0.000242 V                   ; 2.86 V              ; -0.0805 V           ; 0.358 V                              ; 0.156 V                              ; 3.01e-10 s                  ; 4.34e-10 s                  ; No                         ; No                         ; 2.75 V                      ; 0.000242 V                  ; 2.86 V             ; -0.0805 V          ; 0.358 V                             ; 0.156 V                             ; 3.01e-10 s                 ; 4.34e-10 s                 ; No                        ; No                        ;
; green_out      ; 2.5 V        ; 0 s                 ; 0 s                 ; 2.75 V                       ; 0.000213 V                   ; 2.79 V              ; -0.0324 V           ; 0.139 V                              ; 0.119 V                              ; 4.42e-10 s                  ; 4.33e-10 s                  ; No                         ; Yes                        ; 2.75 V                      ; 0.000213 V                  ; 2.79 V             ; -0.0324 V          ; 0.139 V                             ; 0.119 V                             ; 4.42e-10 s                 ; 4.33e-10 s                 ; No                        ; Yes                       ;
; blue_out       ; 2.5 V        ; 0 s                 ; 0 s                 ; 2.75 V                       ; 0.000213 V                   ; 2.79 V              ; -0.0324 V           ; 0.139 V                              ; 0.119 V                              ; 4.42e-10 s                  ; 4.33e-10 s                  ; No                         ; Yes                        ; 2.75 V                      ; 0.000213 V                  ; 2.79 V             ; -0.0324 V          ; 0.139 V                             ; 0.119 V                             ; 4.42e-10 s                 ; 4.33e-10 s                 ; No                        ; Yes                       ;
; horiz_sync_out ; 2.5 V        ; 0 s                 ; 0 s                 ; 2.75 V                       ; 0.000247 V                   ; 2.85 V              ; -0.0711 V           ; 0.204 V                              ; 0.181 V                              ; 4.55e-10 s                  ; 4.49e-10 s                  ; No                         ; No                         ; 2.75 V                      ; 0.000247 V                  ; 2.85 V             ; -0.0711 V          ; 0.204 V                             ; 0.181 V                             ; 4.55e-10 s                 ; 4.49e-10 s                 ; No                        ; No                        ;
; vert_sync_out  ; 2.5 V        ; 0 s                 ; 0 s                 ; 2.75 V                       ; 0.000242 V                   ; 2.86 V              ; -0.0814 V           ; 0.36 V                               ; 0.156 V                              ; 3e-10 s                     ; 4.34e-10 s                  ; No                         ; No                         ; 2.75 V                      ; 0.000242 V                  ; 2.86 V             ; -0.0814 V          ; 0.36 V                              ; 0.156 V                             ; 3e-10 s                    ; 4.34e-10 s                 ; No                        ; No                        ;
; mouseData      ; 2.5 V        ; 0 s                 ; 0 s                 ; 2.75 V                       ; 0.000247 V                   ; 2.85 V              ; -0.0711 V           ; 0.204 V                              ; 0.181 V                              ; 4.55e-10 s                  ; 4.49e-10 s                  ; No                         ; No                         ; 2.75 V                      ; 0.000247 V                  ; 2.85 V             ; -0.0711 V          ; 0.204 V                             ; 0.181 V                             ; 4.55e-10 s                 ; 4.49e-10 s                 ; No                        ; No                        ;
; clk_Mouse      ; 2.5 V        ; 0 s                 ; 0 s                 ; 2.75 V                       ; 0.000242 V                   ; 2.86 V              ; -0.0805 V           ; 0.358 V                              ; 0.156 V                              ; 3.01e-10 s                  ; 4.34e-10 s                  ; No                         ; No                         ; 2.75 V                      ; 0.000242 V                  ; 2.86 V             ; -0.0805 V          ; 0.358 V                             ; 0.156 V                             ; 3.01e-10 s                 ; 4.34e-10 s                 ; No                        ; No                        ;
+----------------+--------------+---------------------+---------------------+------------------------------+------------------------------+---------------------+---------------------+--------------------------------------+--------------------------------------+-----------------------------+-----------------------------+----------------------------+----------------------------+-----------------------------+-----------------------------+--------------------+--------------------+-------------------------------------+-------------------------------------+----------------------------+----------------------------+---------------------------+---------------------------+


+-----------------------------------------------------------------------------------------------------------------+
; Setup Transfers                                                                                                 ;
+----------------------------------+----------------------------------+----------+----------+----------+----------+
; From Clock                       ; To Clock                         ; RR Paths ; FR Paths ; RF Paths ; FF Paths ;
+----------------------------------+----------------------------------+----------+----------+----------+----------+
; Clock25MHz                       ; Clk                              ; 1        ; 1        ; 0        ; 0        ;
; Clock25MHz                       ; Clock25MHz                       ; 754079   ; 0        ; 0        ; 0        ;
; MOUSE:mainMouse|MOUSE_CLK_FILTER ; Clock25MHz                       ; 1        ; 2        ; 0        ; 0        ;
; VGA_SYNC:VGA|vert_sync_out       ; Clock25MHz                       ; 502640   ; 0        ; 0        ; 0        ;
; Clock25MHz                       ; MOUSE:mainMouse|MOUSE_CLK_FILTER ; 0        ; 0        ; 16       ; 0        ;
; MOUSE:mainMouse|MOUSE_CLK_FILTER ; MOUSE:mainMouse|MOUSE_CLK_FILTER ; 0        ; 0        ; 0        ; 77       ;
; VGA_SYNC:VGA|vert_sync_out       ; VGA_SYNC:VGA|vert_sync_out       ; 676      ; 0        ; 0        ; 0        ;
+----------------------------------+----------------------------------+----------+----------+----------+----------+
Entries labeled "false path" only account for clock-to-clock false paths and not path-based false paths. As a result, actual path counts may be lower than reported.


+-----------------------------------------------------------------------------------------------------------------+
; Hold Transfers                                                                                                  ;
+----------------------------------+----------------------------------+----------+----------+----------+----------+
; From Clock                       ; To Clock                         ; RR Paths ; FR Paths ; RF Paths ; FF Paths ;
+----------------------------------+----------------------------------+----------+----------+----------+----------+
; Clock25MHz                       ; Clk                              ; 1        ; 1        ; 0        ; 0        ;
; Clock25MHz                       ; Clock25MHz                       ; 754079   ; 0        ; 0        ; 0        ;
; MOUSE:mainMouse|MOUSE_CLK_FILTER ; Clock25MHz                       ; 1        ; 2        ; 0        ; 0        ;
; VGA_SYNC:VGA|vert_sync_out       ; Clock25MHz                       ; 502640   ; 0        ; 0        ; 0        ;
; Clock25MHz                       ; MOUSE:mainMouse|MOUSE_CLK_FILTER ; 0        ; 0        ; 16       ; 0        ;
; MOUSE:mainMouse|MOUSE_CLK_FILTER ; MOUSE:mainMouse|MOUSE_CLK_FILTER ; 0        ; 0        ; 0        ; 77       ;
; VGA_SYNC:VGA|vert_sync_out       ; VGA_SYNC:VGA|vert_sync_out       ; 676      ; 0        ; 0        ; 0        ;
+----------------------------------+----------------------------------+----------+----------+----------+----------+
Entries labeled "false path" only account for clock-to-clock false paths and not path-based false paths. As a result, actual path counts may be lower than reported.


+-------------------------------------------------------------------------------------------+
; Recovery Transfers                                                                        ;
+------------+----------------------------------+----------+----------+----------+----------+
; From Clock ; To Clock                         ; RR Paths ; FR Paths ; RF Paths ; FF Paths ;
+------------+----------------------------------+----------+----------+----------+----------+
; Clock25MHz ; MOUSE:mainMouse|MOUSE_CLK_FILTER ; 0        ; 0        ; 16       ; 0        ;
+------------+----------------------------------+----------+----------+----------+----------+
Entries labeled "false path" only account for clock-to-clock false paths and not path-based false paths. As a result, actual path counts may be lower than reported.


+-------------------------------------------------------------------------------------------+
; Removal Transfers                                                                         ;
+------------+----------------------------------+----------+----------+----------+----------+
; From Clock ; To Clock                         ; RR Paths ; FR Paths ; RF Paths ; FF Paths ;
+------------+----------------------------------+----------+----------+----------+----------+
; Clock25MHz ; MOUSE:mainMouse|MOUSE_CLK_FILTER ; 0        ; 0        ; 16       ; 0        ;
+------------+----------------------------------+----------+----------+----------+----------+
Entries labeled "false path" only account for clock-to-clock false paths and not path-based false paths. As a result, actual path counts may be lower than reported.


---------------
; Report TCCS ;
---------------
No dedicated SERDES Transmitter circuitry present in device or used in design


---------------
; Report RSKM ;
---------------
No non-DPA dedicated SERDES Receiver circuitry present in device or used in design


+------------------------------------------------+
; Unconstrained Paths Summary                    ;
+---------------------------------+-------+------+
; Property                        ; Setup ; Hold ;
+---------------------------------+-------+------+
; Illegal Clocks                  ; 0     ; 0    ;
; Unconstrained Clocks            ; 0     ; 0    ;
; Unconstrained Input Ports       ; 3     ; 3    ;
; Unconstrained Input Port Paths  ; 3     ; 3    ;
; Unconstrained Output Ports      ; 7     ; 7    ;
; Unconstrained Output Port Paths ; 10    ; 10   ;
+---------------------------------+-------+------+


+------------------------------------------------------------------------------------------+
; Clock Status Summary                                                                     ;
+----------------------------------+----------------------------------+------+-------------+
; Target                           ; Clock                            ; Type ; Status      ;
+----------------------------------+----------------------------------+------+-------------+
; Clk                              ; Clk                              ; Base ; Constrained ;
; Clock25MHz                       ; Clock25MHz                       ; Base ; Constrained ;
; MOUSE:mainMouse|MOUSE_CLK_FILTER ; MOUSE:mainMouse|MOUSE_CLK_FILTER ; Base ; Constrained ;
; VGA_SYNC:VGA|vert_sync_out       ; VGA_SYNC:VGA|vert_sync_out       ; Base ; Constrained ;
+----------------------------------+----------------------------------+------+-------------+


+----------------------------------------------------------------------------------------------------+
; Unconstrained Input Ports                                                                          ;
+-------------+--------------------------------------------------------------------------------------+
; Input Port  ; Comment                                                                              ;
+-------------+--------------------------------------------------------------------------------------+
; PushButton1 ; No input delay, min/max delays, false-path exceptions, or max skew assignments found ;
; PushButton2 ; No input delay, min/max delays, false-path exceptions, or max skew assignments found ;
; clk_Mouse   ; No input delay, min/max delays, false-path exceptions, or max skew assignments found ;
+-------------+--------------------------------------------------------------------------------------+


+--------------------------------------------------------------------------------------------------------+
; Unconstrained Output Ports                                                                             ;
+----------------+---------------------------------------------------------------------------------------+
; Output Port    ; Comment                                                                               ;
+----------------+---------------------------------------------------------------------------------------+
; blue_out       ; No output delay, min/max delays, false-path exceptions, or max skew assignments found ;
; clk_Mouse      ; No output delay, min/max delays, false-path exceptions, or max skew assignments found ;
; green_out      ; No output delay, min/max delays, false-path exceptions, or max skew assignments found ;
; horiz_sync_out ; No output delay, min/max delays, false-path exceptions, or max skew assignments found ;
; mouseData      ; No output delay, min/max delays, false-path exceptions, or max skew assignments found ;
; red_out        ; No output delay, min/max delays, false-path exceptions, or max skew assignments found ;
; vert_sync_out  ; No output delay, min/max delays, false-path exceptions, or max skew assignments found ;
+----------------+---------------------------------------------------------------------------------------+


+----------------------------------------------------------------------------------------------------+
; Unconstrained Input Ports                                                                          ;
+-------------+--------------------------------------------------------------------------------------+
; Input Port  ; Comment                                                                              ;
+-------------+--------------------------------------------------------------------------------------+
; PushButton1 ; No input delay, min/max delays, false-path exceptions, or max skew assignments found ;
; PushButton2 ; No input delay, min/max delays, false-path exceptions, or max skew assignments found ;
; clk_Mouse   ; No input delay, min/max delays, false-path exceptions, or max skew assignments found ;
+-------------+--------------------------------------------------------------------------------------+


+--------------------------------------------------------------------------------------------------------+
; Unconstrained Output Ports                                                                             ;
+----------------+---------------------------------------------------------------------------------------+
; Output Port    ; Comment                                                                               ;
+----------------+---------------------------------------------------------------------------------------+
; blue_out       ; No output delay, min/max delays, false-path exceptions, or max skew assignments found ;
; clk_Mouse      ; No output delay, min/max delays, false-path exceptions, or max skew assignments found ;
; green_out      ; No output delay, min/max delays, false-path exceptions, or max skew assignments found ;
; horiz_sync_out ; No output delay, min/max delays, false-path exceptions, or max skew assignments found ;
; mouseData      ; No output delay, min/max delays, false-path exceptions, or max skew assignments found ;
; red_out        ; No output delay, min/max delays, false-path exceptions, or max skew assignments found ;
; vert_sync_out  ; No output delay, min/max delays, false-path exceptions, or max skew assignments found ;
+----------------+---------------------------------------------------------------------------------------+


+--------------------------+
; Timing Analyzer Messages ;
+--------------------------+
Info: *******************************************************************
Info: Running Quartus Prime Timing Analyzer
    Info: Version 18.1.0 Build 625 09/12/2018 SJ Standard Edition
    Info: Processing started: Tue May 02 16:16:53 2023
Info: Command: quartus_sta MiniProjectQuartus -c MiniProjectQuartus
Info: qsta_default_script.tcl version: #1
Warning (18236): Number of processors has not been specified which may cause overloading on shared machines.  Set the global assignment NUM_PARALLEL_PROCESSORS in your QSF to an appropriate value for best performance.
Info (20030): Parallel compilation is enabled and will use 6 of the 6 processors detected
Info (21077): Low junction temperature is 0 degrees C
Info (21077): High junction temperature is 85 degrees C
Critical Warning (332012): Synopsys Design Constraints File file not found: 'MiniProjectQuartus.sdc'. A Synopsys Design Constraints File is required by the Timing Analyzer to get proper timing constraints. Without it, the Compiler will not properly optimize the design.
Info (332142): No user constrained base clocks found in the design. Calling "derive_clocks -period 1.0"
Info (332105): Deriving Clocks
    Info (332105): create_clock -period 1.000 -name Clock25MHz Clock25MHz
    Info (332105): create_clock -period 1.000 -name Clk Clk
    Info (332105): create_clock -period 1.000 -name VGA_SYNC:VGA|vert_sync_out VGA_SYNC:VGA|vert_sync_out
    Info (332105): create_clock -period 1.000 -name MOUSE:mainMouse|MOUSE_CLK_FILTER MOUSE:mainMouse|MOUSE_CLK_FILTER
Info (332143): No user constrained clock uncertainty found in the design. Calling "derive_clock_uncertainty"
Info (332123): Deriving Clock Uncertainty. Please refer to report_sdc in the Timing Analyzer to see clock uncertainties.
Info: Found TIMING_ANALYZER_REPORT_SCRIPT_INCLUDE_DEFAULT_ANALYSIS = ON
Info: Analyzing Slow 1100mV 85C Model
Critical Warning (332148): Timing requirements not met
    Info (11105): For recommendations on closing timing, run Report Timing Closure Recommendations in the Timing Analyzer.
Info (332146): Worst-case setup slack is -12.148
    Info (332119):     Slack       End Point TNS Clock 
    Info (332119): ========= =================== =====================
    Info (332119):   -12.148            -246.749 Clock25MHz 
    Info (332119):    -3.763            -106.130 VGA_SYNC:VGA|vert_sync_out 
    Info (332119):    -2.946              -2.946 Clk 
    Info (332119):    -2.346             -33.242 MOUSE:mainMouse|MOUSE_CLK_FILTER 
Info (332146): Worst-case hold slack is 0.121
    Info (332119):     Slack       End Point TNS Clock 
    Info (332119): ========= =================== =====================
    Info (332119):     0.121               0.000 MOUSE:mainMouse|MOUSE_CLK_FILTER 
    Info (332119):     0.357               0.000 Clock25MHz 
    Info (332119):     0.931               0.000 VGA_SYNC:VGA|vert_sync_out 
    Info (332119):     1.083               0.000 Clk 
Info (332146): Worst-case recovery slack is -0.665
    Info (332119):     Slack       End Point TNS Clock 
    Info (332119): ========= =================== =====================
    Info (332119):    -0.665             -10.544 MOUSE:mainMouse|MOUSE_CLK_FILTER 
Info (332146): Worst-case removal slack is -0.188
    Info (332119):     Slack       End Point TNS Clock 
    Info (332119): ========= =================== =====================
    Info (332119):    -0.188              -2.917 MOUSE:mainMouse|MOUSE_CLK_FILTER 
Info (332146): Worst-case minimum pulse width slack is -0.538
    Info (332119):     Slack       End Point TNS Clock 
    Info (332119): ========= =================== =====================
    Info (332119):    -0.538             -75.156 Clock25MHz 
    Info (332119):    -0.538             -25.844 VGA_SYNC:VGA|vert_sync_out 
    Info (332119):    -0.538             -13.024 MOUSE:mainMouse|MOUSE_CLK_FILTER 
    Info (332119):    -0.538              -0.986 Clk 
Info: Analyzing Slow 1100mV 0C Model
Info (334003): Started post-fitting delay annotation
Info (334004): Delay annotation completed successfully
Info (332123): Deriving Clock Uncertainty. Please refer to report_sdc in the Timing Analyzer to see clock uncertainties.
Critical Warning (332148): Timing requirements not met
    Info (11105): For recommendations on closing timing, run Report Timing Closure Recommendations in the Timing Analyzer.
Info (332146): Worst-case setup slack is -12.531
    Info (332119):     Slack       End Point TNS Clock 
    Info (332119): ========= =================== =====================
    Info (332119):   -12.531            -244.998 Clock25MHz 
    Info (332119):    -3.758            -109.175 VGA_SYNC:VGA|vert_sync_out 
    Info (332119):    -2.784              -2.784 Clk 
    Info (332119):    -2.237             -31.222 MOUSE:mainMouse|MOUSE_CLK_FILTER 
Info (332146): Worst-case hold slack is 0.065
    Info (332119):     Slack       End Point TNS Clock 
    Info (332119): ========= =================== =====================
    Info (332119):     0.065               0.000 MOUSE:mainMouse|MOUSE_CLK_FILTER 
    Info (332119):     0.356               0.000 Clock25MHz 
    Info (332119):     0.940               0.000 VGA_SYNC:VGA|vert_sync_out 
    Info (332119):     0.962               0.000 Clk 
Info (332146): Worst-case recovery slack is -0.547
    Info (332119):     Slack       End Point TNS Clock 
    Info (332119): ========= =================== =====================
    Info (332119):    -0.547              -8.637 MOUSE:mainMouse|MOUSE_CLK_FILTER 
Info (332146): Worst-case removal slack is -0.177
    Info (332119):     Slack       End Point TNS Clock 
    Info (332119): ========= =================== =====================
    Info (332119):    -0.177              -2.717 MOUSE:mainMouse|MOUSE_CLK_FILTER 
Info (332146): Worst-case minimum pulse width slack is -0.538
    Info (332119):     Slack       End Point TNS Clock 
    Info (332119): ========= =================== =====================
    Info (332119):    -0.538             -74.029 Clock25MHz 
    Info (332119):    -0.538             -25.722 VGA_SYNC:VGA|vert_sync_out 
    Info (332119):    -0.538             -12.965 MOUSE:mainMouse|MOUSE_CLK_FILTER 
    Info (332119):    -0.538              -1.028 Clk 
Info: Analyzing Fast 1100mV 85C Model
Info (334003): Started post-fitting delay annotation
Info (334004): Delay annotation completed successfully
Info (332123): Deriving Clock Uncertainty. Please refer to report_sdc in the Timing Analyzer to see clock uncertainties.
Critical Warning (332148): Timing requirements not met
    Info (11105): For recommendations on closing timing, run Report Timing Closure Recommendations in the Timing Analyzer.
Info (332146): Worst-case setup slack is -5.118
    Info (332119):     Slack       End Point TNS Clock 
    Info (332119): ========= =================== =====================
    Info (332119):    -5.118             -96.552 Clock25MHz 
    Info (332119):    -2.241              -2.241 Clk 
    Info (332119):    -1.581             -40.389 VGA_SYNC:VGA|vert_sync_out 
    Info (332119):    -0.828             -11.051 MOUSE:mainMouse|MOUSE_CLK_FILTER 
Info (332146): Worst-case hold slack is -0.072
    Info (332119):     Slack       End Point TNS Clock 
    Info (332119): ========= =================== =====================
    Info (332119):    -0.072              -1.054 MOUSE:mainMouse|MOUSE_CLK_FILTER 
    Info (332119):     0.103               0.000 Clock25MHz 
    Info (332119):     0.384               0.000 VGA_SYNC:VGA|vert_sync_out 
    Info (332119):     1.159               0.000 Clk 
Info (332146): Worst-case recovery slack is -0.073
    Info (332119):     Slack       End Point TNS Clock 
    Info (332119): ========= =================== =====================
    Info (332119):    -0.073              -1.121 MOUSE:mainMouse|MOUSE_CLK_FILTER 
Info (332146): Worst-case removal slack is -0.241
    Info (332119):     Slack       End Point TNS Clock 
    Info (332119): ========= =================== =====================
    Info (332119):    -0.241              -3.819 MOUSE:mainMouse|MOUSE_CLK_FILTER 
Info (332146): Worst-case minimum pulse width slack is -0.437
    Info (332119):     Slack       End Point TNS Clock 
    Info (332119): ========= =================== =====================
    Info (332119):    -0.437              -0.526 Clk 
    Info (332119):    -0.078              -2.292 Clock25MHz 
    Info (332119):    -0.010              -0.133 MOUSE:mainMouse|MOUSE_CLK_FILTER 
    Info (332119):     0.065               0.000 VGA_SYNC:VGA|vert_sync_out 
Info: Analyzing Fast 1100mV 0C Model
Info (332123): Deriving Clock Uncertainty. Please refer to report_sdc in the Timing Analyzer to see clock uncertainties.
Critical Warning (332148): Timing requirements not met
    Info (11105): For recommendations on closing timing, run Report Timing Closure Recommendations in the Timing Analyzer.
Info (332146): Worst-case setup slack is -4.781
    Info (332119):     Slack       End Point TNS Clock 
    Info (332119): ========= =================== =====================
    Info (332119):    -4.781             -83.851 Clock25MHz 
    Info (332119):    -1.904              -1.904 Clk 
    Info (332119):    -1.411             -36.308 VGA_SYNC:VGA|vert_sync_out 
    Info (332119):    -0.684              -9.004 MOUSE:mainMouse|MOUSE_CLK_FILTER 
Info (332146): Worst-case hold slack is -0.038
    Info (332119):     Slack       End Point TNS Clock 
    Info (332119): ========= =================== =====================
    Info (332119):    -0.038              -0.570 MOUSE:mainMouse|MOUSE_CLK_FILTER 
    Info (332119):     0.085               0.000 Clock25MHz 
    Info (332119):     0.352               0.000 VGA_SYNC:VGA|vert_sync_out 
    Info (332119):     0.911               0.000 Clk 
Info (332146): Worst-case recovery slack is -0.059
    Info (332119):     Slack       End Point TNS Clock 
    Info (332119): ========= =================== =====================
    Info (332119):    -0.059              -0.916 MOUSE:mainMouse|MOUSE_CLK_FILTER 
Info (332146): Worst-case removal slack is -0.201
    Info (332119):     Slack       End Point TNS Clock 
    Info (332119): ========= =================== =====================
    Info (332119):    -0.201              -3.192 MOUSE:mainMouse|MOUSE_CLK_FILTER 
Info (332146): Worst-case minimum pulse width slack is -0.443
    Info (332119):     Slack       End Point TNS Clock 
    Info (332119): ========= =================== =====================
    Info (332119):    -0.443              -0.544 Clk 
    Info (332119):    -0.020              -0.150 Clock25MHz 
    Info (332119):     0.005               0.000 MOUSE:mainMouse|MOUSE_CLK_FILTER 
    Info (332119):     0.085               0.000 VGA_SYNC:VGA|vert_sync_out 
Info (332102): Design is not fully constrained for setup requirements
Info (332102): Design is not fully constrained for hold requirements
Info: Quartus Prime Timing Analyzer was successful. 0 errors, 6 warnings
    Info: Peak virtual memory: 5090 megabytes
    Info: Processing ended: Tue May 02 16:17:00 2023
    Info: Elapsed time: 00:00:07
    Info: Total CPU time (on all processors): 00:00:05


