Analysis & Synthesis report for MiniProjectQuartus
Wed May 10 15:30:13 2023
Quartus Prime Version 18.1.0 Build 625 09/12/2018 SJ Standard Edition


---------------------
; Table of Contents ;
---------------------
  1. Legal Notice
  2. Analysis & Synthesis Summary
  3. Analysis & Synthesis Settings
  4. Parallel Compilation
  5. Analysis & Synthesis Source Files Read
  6. Analysis & Synthesis Resource Usage Summary
  7. Analysis & Synthesis Resource Utilization by Entity
  8. Registers Removed During Synthesis
  9. General Register Statistics
 10. Inverted Register Statistics
 11. Multiplexer Restructuring Statistics (Restructuring Performed)
 12. Post-Synthesis Netlist Statistics for Top Partition
 13. Elapsed Time Per Partition
 14. Analysis & Synthesis Messages



----------------
; Legal Notice ;
----------------
Copyright (C) 2018  Intel Corporation. All rights reserved.
Your use of Intel Corporation's design tools, logic functions 
and other software and tools, and its AMPP partner logic 
functions, and any output files from any of the foregoing 
(including device programming or simulation files), and any 
associated documentation or information are expressly subject 
to the terms and conditions of the Intel Program License 
Subscription Agreement, the Intel Quartus Prime License Agreement,
the Intel FPGA IP License Agreement, or other applicable license
agreement, including, without limitation, that your use is for
the sole purpose of programming logic devices manufactured by
Intel and sold by Intel or its authorized distributors.  Please
refer to the applicable agreement for further details.



+-----------------------------------------------------------------------------------+
; Analysis & Synthesis Summary                                                      ;
+---------------------------------+-------------------------------------------------+
; Analysis & Synthesis Status     ; Successful - Wed May 10 15:30:13 2023           ;
; Quartus Prime Version           ; 18.1.0 Build 625 09/12/2018 SJ Standard Edition ;
; Revision Name                   ; MiniProjectQuartus                              ;
; Top-level Entity Name           ; pipebdf                                         ;
; Family                          ; Cyclone V                                       ;
; Logic utilization (in ALMs)     ; N/A                                             ;
; Total registers                 ; 59                                              ;
; Total pins                      ; 8                                               ;
; Total virtual pins              ; 0                                               ;
; Total block memory bits         ; 0                                               ;
; Total DSP Blocks                ; 0                                               ;
; Total HSSI RX PCSs              ; 0                                               ;
; Total HSSI PMA RX Deserializers ; 0                                               ;
; Total HSSI TX PCSs              ; 0                                               ;
; Total HSSI PMA TX Serializers   ; 0                                               ;
; Total PLLs                      ; 0                                               ;
; Total DLLs                      ; 0                                               ;
+---------------------------------+-------------------------------------------------+


+---------------------------------------------------------------------------------------------------------------------------+
; Analysis & Synthesis Settings                                                                                             ;
+---------------------------------------------------------------------------------+--------------------+--------------------+
; Option                                                                          ; Setting            ; Default Value      ;
+---------------------------------------------------------------------------------+--------------------+--------------------+
; Device                                                                          ; 5CEBA4F23C7        ;                    ;
; Top-level entity name                                                           ; pipebdf            ; MiniProjectQuartus ;
; Family name                                                                     ; Cyclone V          ; Cyclone V          ;
; Use smart compilation                                                           ; Off                ; Off                ;
; Enable parallel Assembler and Timing Analyzer during compilation                ; On                 ; On                 ;
; Enable compact report table                                                     ; Off                ; Off                ;
; Restructure Multiplexers                                                        ; Auto               ; Auto               ;
; MLAB Add Timing Constraints For Mixed-Port Feed-Through Mode Setting Don't Care ; Off                ; Off                ;
; Create Debugging Nodes for IP Cores                                             ; Off                ; Off                ;
; Preserve fewer node names                                                       ; On                 ; On                 ;
; Intel FPGA IP Evaluation Mode                                                   ; Enable             ; Enable             ;
; Verilog Version                                                                 ; Verilog_2001       ; Verilog_2001       ;
; VHDL Version                                                                    ; VHDL_1993          ; VHDL_1993          ;
; State Machine Processing                                                        ; Auto               ; Auto               ;
; Safe State Machine                                                              ; Off                ; Off                ;
; Extract Verilog State Machines                                                  ; On                 ; On                 ;
; Extract VHDL State Machines                                                     ; On                 ; On                 ;
; Ignore Verilog initial constructs                                               ; Off                ; Off                ;
; Iteration limit for constant Verilog loops                                      ; 5000               ; 5000               ;
; Iteration limit for non-constant Verilog loops                                  ; 250                ; 250                ;
; Add Pass-Through Logic to Inferred RAMs                                         ; On                 ; On                 ;
; Infer RAMs from Raw Logic                                                       ; On                 ; On                 ;
; Parallel Synthesis                                                              ; On                 ; On                 ;
; DSP Block Balancing                                                             ; Auto               ; Auto               ;
; NOT Gate Push-Back                                                              ; On                 ; On                 ;
; Power-Up Don't Care                                                             ; On                 ; On                 ;
; Remove Redundant Logic Cells                                                    ; Off                ; Off                ;
; Remove Duplicate Registers                                                      ; On                 ; On                 ;
; Ignore CARRY Buffers                                                            ; Off                ; Off                ;
; Ignore CASCADE Buffers                                                          ; Off                ; Off                ;
; Ignore GLOBAL Buffers                                                           ; Off                ; Off                ;
; Ignore ROW GLOBAL Buffers                                                       ; Off                ; Off                ;
; Ignore LCELL Buffers                                                            ; Off                ; Off                ;
; Ignore SOFT Buffers                                                             ; On                 ; On                 ;
; Limit AHDL Integers to 32 Bits                                                  ; Off                ; Off                ;
; Optimization Technique                                                          ; Balanced           ; Balanced           ;
; Carry Chain Length                                                              ; 70                 ; 70                 ;
; Auto Carry Chains                                                               ; On                 ; On                 ;
; Auto Open-Drain Pins                                                            ; On                 ; On                 ;
; Perform WYSIWYG Primitive Resynthesis                                           ; Off                ; Off                ;
; Auto ROM Replacement                                                            ; On                 ; On                 ;
; Auto RAM Replacement                                                            ; On                 ; On                 ;
; Auto DSP Block Replacement                                                      ; On                 ; On                 ;
; Auto Shift Register Replacement                                                 ; Auto               ; Auto               ;
; Allow Shift Register Merging across Hierarchies                                 ; Auto               ; Auto               ;
; Auto Clock Enable Replacement                                                   ; On                 ; On                 ;
; Strict RAM Replacement                                                          ; Off                ; Off                ;
; Allow Synchronous Control Signals                                               ; On                 ; On                 ;
; Force Use of Synchronous Clear Signals                                          ; Off                ; Off                ;
; Auto Resource Sharing                                                           ; Off                ; Off                ;
; Allow Any RAM Size For Recognition                                              ; Off                ; Off                ;
; Allow Any ROM Size For Recognition                                              ; Off                ; Off                ;
; Allow Any Shift Register Size For Recognition                                   ; Off                ; Off                ;
; Use LogicLock Constraints during Resource Balancing                             ; On                 ; On                 ;
; Ignore translate_off and synthesis_off directives                               ; Off                ; Off                ;
; Timing-Driven Synthesis                                                         ; On                 ; On                 ;
; Report Parameter Settings                                                       ; On                 ; On                 ;
; Report Source Assignments                                                       ; On                 ; On                 ;
; Report Connectivity Checks                                                      ; On                 ; On                 ;
; Ignore Maximum Fan-Out Assignments                                              ; Off                ; Off                ;
; Synchronization Register Chain Length                                           ; 3                  ; 3                  ;
; Power Optimization During Synthesis                                             ; Normal compilation ; Normal compilation ;
; HDL message level                                                               ; Level2             ; Level2             ;
; Suppress Register Optimization Related Messages                                 ; Off                ; Off                ;
; Number of Removed Registers Reported in Synthesis Report                        ; 5000               ; 5000               ;
; Number of Swept Nodes Reported in Synthesis Report                              ; 5000               ; 5000               ;
; Number of Inverted Registers Reported in Synthesis Report                       ; 100                ; 100                ;
; Clock MUX Protection                                                            ; On                 ; On                 ;
; Auto Gated Clock Conversion                                                     ; Off                ; Off                ;
; Block Design Naming                                                             ; Auto               ; Auto               ;
; SDC constraint protection                                                       ; Off                ; Off                ;
; Synthesis Effort                                                                ; Auto               ; Auto               ;
; Shift Register Replacement - Allow Asynchronous Clear Signal                    ; On                 ; On                 ;
; Pre-Mapping Resynthesis Optimization                                            ; Off                ; Off                ;
; Analysis & Synthesis Message Level                                              ; Medium             ; Medium             ;
; Disable Register Merging Across Hierarchies                                     ; Auto               ; Auto               ;
; Resource Aware Inference For Block RAM                                          ; On                 ; On                 ;
; Automatic Parallel Synthesis                                                    ; On                 ; On                 ;
; Partial Reconfiguration Bitstream ID                                            ; Off                ; Off                ;
+---------------------------------------------------------------------------------+--------------------+--------------------+


+------------------------------------------+
; Parallel Compilation                     ;
+----------------------------+-------------+
; Processors                 ; Number      ;
+----------------------------+-------------+
; Number detected on machine ; 6           ;
; Maximum allowed            ; 6           ;
;                            ;             ;
; Average used               ; 1.00        ;
; Maximum used               ; 6           ;
;                            ;             ;
; Usage by Processor         ; % Time Used ;
;     Processor 1            ; 100.0%      ;
;     Processors 2-6         ;   0.0%      ;
+----------------------------+-------------+


+-----------------------------------------------------------------------------------------------------------------------------------------+
; Analysis & Synthesis Source Files Read                                                                                                  ;
+----------------------------------+-----------------+------------------------------------+-------------------------------------+---------+
; File Name with User-Entered Path ; Used in Netlist ; File Type                          ; File Name with Absolute Path        ; Library ;
+----------------------------------+-----------------+------------------------------------+-------------------------------------+---------+
; pipe.vhd                         ; yes             ; User VHDL File                     ; H:/Documents/302-work/pipe.vhd      ;         ;
; vga_sync.vhd                     ; yes             ; User VHDL File                     ; H:/Documents/302-work/vga_sync.vhd  ;         ;
; halfclock.vhd                    ; yes             ; User VHDL File                     ; H:/Documents/302-work/halfclock.vhd ;         ;
; pipebdf.bdf                      ; yes             ; User Block Diagram/Schematic File  ; H:/Documents/302-work/pipebdf.bdf   ;         ;
+----------------------------------+-----------------+------------------------------------+-------------------------------------+---------+


+---------------------------------------------------------------------+
; Analysis & Synthesis Resource Usage Summary                         ;
+---------------------------------------------+-----------------------+
; Resource                                    ; Usage                 ;
+---------------------------------------------+-----------------------+
; Estimate of Logic utilization (ALMs needed) ; 56                    ;
;                                             ;                       ;
; Combinational ALUT usage for logic          ; 97                    ;
;     -- 7 input functions                    ; 1                     ;
;     -- 6 input functions                    ; 10                    ;
;     -- 5 input functions                    ; 18                    ;
;     -- 4 input functions                    ; 13                    ;
;     -- <=3 input functions                  ; 55                    ;
;                                             ;                       ;
; Dedicated logic registers                   ; 59                    ;
;                                             ;                       ;
; I/O pins                                    ; 8                     ;
;                                             ;                       ;
; Total DSP Blocks                            ; 0                     ;
;                                             ;                       ;
; Maximum fan-out node                        ; halfclock:inst1|v_Clk ;
; Maximum fan-out                             ; 48                    ;
; Total fan-out                               ; 493                   ;
; Average fan-out                             ; 2.87                  ;
+---------------------------------------------+-----------------------+


+---------------------------------------------------------------------------------------------------------------------------------------------------------------------------------------------+
; Analysis & Synthesis Resource Utilization by Entity                                                                                                                                         ;
+----------------------------+---------------------+---------------------------+-------------------+------------+------+--------------+--------------------------+-------------+--------------+
; Compilation Hierarchy Node ; Combinational ALUTs ; Dedicated Logic Registers ; Block Memory Bits ; DSP Blocks ; Pins ; Virtual Pins ; Full Hierarchy Name      ; Entity Name ; Library Name ;
+----------------------------+---------------------+---------------------------+-------------------+------------+------+--------------+--------------------------+-------------+--------------+
; |pipebdf                   ; 97 (0)              ; 59 (0)                    ; 0                 ; 0          ; 8    ; 0            ; |pipebdf                 ; pipebdf     ; work         ;
;    |VGA_SYNC:inst|         ; 40 (40)             ; 47 (47)                   ; 0                 ; 0          ; 0    ; 0            ; |pipebdf|VGA_SYNC:inst   ; VGA_SYNC    ; work         ;
;    |halfclock:inst1|       ; 1 (1)               ; 1 (1)                     ; 0                 ; 0          ; 0    ; 0            ; |pipebdf|halfclock:inst1 ; halfclock   ; work         ;
;    |pipe:inst2|            ; 56 (56)             ; 11 (11)                   ; 0                 ; 0          ; 0    ; 0            ; |pipebdf|pipe:inst2      ; pipe        ; work         ;
+----------------------------+---------------------+---------------------------+-------------------+------------+------+--------------+--------------------------+-------------+--------------+
Note: For table entries with two numbers listed, the numbers in parentheses indicate the number of resources of the given type used by the specific entity alone. The numbers listed outside of parentheses indicate the total resources of the given type used by the specific entity and all of its sub-entities in the hierarchy.


+--------------------------------------------------------------------------------------------------+
; Registers Removed During Synthesis                                                               ;
+---------------------------------------------+----------------------------------------------------+
; Register name                               ; Reason for Removal                                 ;
+---------------------------------------------+----------------------------------------------------+
; VGA_SYNC:inst|red_out                       ; Stuck at GND due to stuck port data_in             ;
; pipe:inst2|\MOVE_PIPE:pipe_x_motion[2..6,9] ; Merged with pipe:inst2|\MOVE_PIPE:pipe_x_motion[1] ;
; pipe:inst2|\MOVE_PIPE:pipe_x_motion[8]      ; Merged with pipe:inst2|\MOVE_PIPE:pipe_x_motion[7] ;
; VGA_SYNC:inst|pixel_row[9]                  ; Stuck at GND due to stuck port data_in             ;
; pipe:inst2|\MOVE_PIPE:pipe_x_motion[1]      ; Stuck at VCC due to stuck port data_in             ;
; pipe:inst2|\MOVE_PIPE:pipe_x_motion[7]      ; Merged with pipe:inst2|\MOVE_PIPE:pipe_x_motion[0] ;
; Total Number of Removed Registers = 11      ;                                                    ;
+---------------------------------------------+----------------------------------------------------+


+------------------------------------------------------+
; General Register Statistics                          ;
+----------------------------------------------+-------+
; Statistic                                    ; Value ;
+----------------------------------------------+-------+
; Total registers                              ; 59    ;
; Number of registers using Synchronous Clear  ; 20    ;
; Number of registers using Synchronous Load   ; 0     ;
; Number of registers using Asynchronous Clear ; 0     ;
; Number of registers using Asynchronous Load  ; 0     ;
; Number of registers using Clock Enable       ; 30    ;
; Number of registers using Preset             ; 0     ;
+----------------------------------------------+-------+


+--------------------------------------------------+
; Inverted Register Statistics                     ;
+----------------------------------------+---------+
; Inverted Register                      ; Fan out ;
+----------------------------------------+---------+
; pipe:inst2|gap_x_pos[3]                ; 10      ;
; pipe:inst2|gap_x_pos[2]                ; 8       ;
; pipe:inst2|gap_x_pos[1]                ; 7       ;
; pipe:inst2|gap_x_pos[0]                ; 5       ;
; pipe:inst2|gap_x_pos[5]                ; 4       ;
; pipe:inst2|gap_x_pos[6]                ; 4       ;
; pipe:inst2|gap_x_pos[4]                ; 4       ;
; pipe:inst2|gap_x_pos[9]                ; 9       ;
; Total number of inverted registers = 8 ;         ;
+----------------------------------------+---------+


+-------------------------------------------------------------------------------------------------------------------------------------------------+
; Multiplexer Restructuring Statistics (Restructuring Performed)                                                                                  ;
+--------------------+-----------+---------------+----------------------+------------------------+------------+-----------------------------------+
; Multiplexer Inputs ; Bus Width ; Baseline Area ; Area if Restructured ; Saving if Restructured ; Registered ; Example Multiplexer Output        ;
+--------------------+-----------+---------------+----------------------+------------------------+------------+-----------------------------------+
; 3:1                ; 10 bits   ; 20 LEs        ; 0 LEs                ; 20 LEs                 ; Yes        ; |pipebdf|VGA_SYNC:inst|v_count[9] ;
; 3:1                ; 2 bits    ; 4 LEs         ; 4 LEs                ; 0 LEs                  ; No         ; |pipebdf|pipe:inst2|pipe_x_motion ;
+--------------------+-----------+---------------+----------------------+------------------------+------------+-----------------------------------+


+-----------------------------------------------------+
; Post-Synthesis Netlist Statistics for Top Partition ;
+-----------------------+-----------------------------+
; Type                  ; Count                       ;
+-----------------------+-----------------------------+
; arriav_ff             ; 59                          ;
;     ENA               ; 20                          ;
;     ENA SCLR          ; 10                          ;
;     SCLR              ; 10                          ;
;     plain             ; 19                          ;
; arriav_lcell_comb     ; 98                          ;
;     arith             ; 43                          ;
;         1 data inputs ; 39                          ;
;         2 data inputs ; 1                           ;
;         5 data inputs ; 3                           ;
;     extend            ; 1                           ;
;         7 data inputs ; 1                           ;
;     normal            ; 54                          ;
;         0 data inputs ; 1                           ;
;         1 data inputs ; 9                           ;
;         2 data inputs ; 2                           ;
;         3 data inputs ; 4                           ;
;         4 data inputs ; 13                          ;
;         5 data inputs ; 15                          ;
;         6 data inputs ; 10                          ;
; boundary_port         ; 8                           ;
;                       ;                             ;
; Max LUT depth         ; 4.90                        ;
; Average LUT depth     ; 3.04                        ;
+-----------------------+-----------------------------+


+-------------------------------+
; Elapsed Time Per Partition    ;
+----------------+--------------+
; Partition Name ; Elapsed Time ;
+----------------+--------------+
; Top            ; 00:00:00     ;
+----------------+--------------+


+-------------------------------+
; Analysis & Synthesis Messages ;
+-------------------------------+
Info: *******************************************************************
Info: Running Quartus Prime Analysis & Synthesis
    Info: Version 18.1.0 Build 625 09/12/2018 SJ Standard Edition
    Info: Processing started: Wed May 10 15:30:02 2023
Info: Command: quartus_map --read_settings_files=on --write_settings_files=off MiniProjectQuartus -c MiniProjectQuartus
Warning (18236): Number of processors has not been specified which may cause overloading on shared machines.  Set the global assignment NUM_PARALLEL_PROCESSORS in your QSF to an appropriate value for best performance.
Info (20030): Parallel compilation is enabled and will use 6 of the 6 processors detected
Info (12021): Found 0 design units, including 0 entities, in source file pipe_test.vhd
Info (12021): Found 2 design units, including 1 entities, in source file pipe.vhd
    Info (12022): Found design unit 1: pipe-behaviour File: H:/Documents/302-work/pipe.vhd Line: 13
    Info (12023): Found entity 1: pipe File: H:/Documents/302-work/pipe.vhd Line: 5
Info (12021): Found 0 design units, including 0 entities, in source file main.vhd
Info (12021): Found 2 design units, including 1 entities, in source file mouse.vhd
    Info (12022): Found design unit 1: MOUSE-behavior File: H:/Documents/302-work/mouse.vhd Line: 18
    Info (12023): Found entity 1: MOUSE File: H:/Documents/302-work/mouse.vhd Line: 9
Info (12021): Found 2 design units, including 1 entities, in source file char_rom.vhd
    Info (12022): Found design unit 1: char_rom-SYN File: H:/Documents/302-work/char_rom.vhd Line: 20
    Info (12023): Found entity 1: char_rom File: H:/Documents/302-work/char_rom.vhd Line: 9
Info (12021): Found 2 design units, including 1 entities, in source file bcd_to_7seg.vhd
    Info (12022): Found design unit 1: BCD_to_7Seg-arc1 File: H:/Documents/302-work/BCD_to_7Seg.vhd Line: 9
    Info (12023): Found entity 1: BCD_to_7Seg File: H:/Documents/302-work/BCD_to_7Seg.vhd Line: 4
Info (12021): Found 2 design units, including 1 entities, in source file bcd.vhd
    Info (12022): Found design unit 1: BCD-behaviour File: H:/Documents/302-work/BCD.vhd Line: 10
    Info (12023): Found entity 1: BCD File: H:/Documents/302-work/BCD.vhd Line: 5
Info (12021): Found 2 design units, including 1 entities, in source file ball.vhd
    Info (12022): Found design unit 1: ball-behavior File: H:/Documents/302-work/ball.vhd Line: 14
    Info (12023): Found entity 1: ball File: H:/Documents/302-work/ball.vhd Line: 7
Info (12021): Found 2 design units, including 1 entities, in source file ball_test.vhd
    Info (12022): Found design unit 1: ball_test-behave File: H:/Documents/302-work/ball_test.vhd Line: 14
    Info (12023): Found entity 1: ball_test File: H:/Documents/302-work/ball_test.vhd Line: 4
Info (12021): Found 2 design units, including 1 entities, in source file vga_sync.vhd
    Info (12022): Found design unit 1: VGA_SYNC-a File: H:/Documents/302-work/vga_sync.vhd Line: 13
    Info (12023): Found entity 1: VGA_SYNC File: H:/Documents/302-work/vga_sync.vhd Line: 7
Info (12021): Found 2 design units, including 1 entities, in source file bouncy_ball.vhd
    Info (12022): Found design unit 1: bouncy_ball-behavior File: H:/Documents/302-work/bouncy_ball.vhd Line: 15
    Info (12023): Found entity 1: bouncy_ball File: H:/Documents/302-work/bouncy_ball.vhd Line: 7
Info (12021): Found 1 design units, including 1 entities, in source file miniprojectquartus.bdf
    Info (12023): Found entity 1: MiniProjectQuartus
Info (12021): Found 2 design units, including 1 entities, in source file halfclock.vhd
    Info (12022): Found design unit 1: halfclock-behave File: H:/Documents/302-work/halfclock.vhd Line: 10
    Info (12023): Found entity 1: halfclock File: H:/Documents/302-work/halfclock.vhd Line: 5
Info (12021): Found 1 design units, including 1 entities, in source file pipebdf.bdf
    Info (12023): Found entity 1: pipebdf
Info (12021): Found 1 design units, including 1 entities, in source file bouncy_test_v1.bdf
    Info (12023): Found entity 1: bouncy_test_v1
Info (12127): Elaborating entity "pipebdf" for the top level hierarchy
Info (12128): Elaborating entity "VGA_SYNC" for hierarchy "VGA_SYNC:inst"
Info (12128): Elaborating entity "halfclock" for hierarchy "halfclock:inst1"
Info (12128): Elaborating entity "pipe" for hierarchy "pipe:inst2"
Warning (10540): VHDL Signal Declaration warning at pipe.vhd(17): used explicit default value for signal "gap_y_pos" because signal was never assigned a value File: H:/Documents/302-work/pipe.vhd Line: 17
Warning (13024): Output pins are stuck at VCC or GND
    Warning (13410): Pin "red_out" is stuck at GND
Info (286030): Timing-Driven Synthesis is running
Info (16010): Generating hard_block partition "hard_block:auto_generated_inst"
    Info (16011): Adding 0 node(s), including 0 DDIO, 0 PLL, 0 transceiver and 0 LCELL
Warning (21074): Design contains 2 input pin(s) that do not drive logic
    Warning (15610): No output dependent on input pin "pb1"
    Warning (15610): No output dependent on input pin "pb2"
Info (21057): Implemented 128 device resources after synthesis - the final resource count might be different
    Info (21058): Implemented 3 input pins
    Info (21059): Implemented 5 output pins
    Info (21061): Implemented 120 logic cells
Info: Quartus Prime Analysis & Synthesis was successful. 0 errors, 7 warnings
    Info: Peak virtual memory: 4867 megabytes
    Info: Processing ended: Wed May 10 15:30:13 2023
    Info: Elapsed time: 00:00:11
    Info: Total CPU time (on all processors): 00:00:17


